2017-11-19 09:33:58.720  INFO Manishs-MacBook-Pro.local --- [           main] c.T.TravelBuzzrApplication               : Starting TravelBuzzrApplication v0.0.1-SNAPSHOT on Manishs-MacBook-Pro.local with PID 27431 (/Users/manish/sandbox/TravelBuzzr/target/TravelBuzzr-0.0.1-SNAPSHOT.jar started by manish in /Users/manish/sandbox/TravelBuzzr)
2017-11-19 09:33:58.728  INFO Manishs-MacBook-Pro.local --- [           main] c.T.TravelBuzzrApplication               : The following profiles are active: local
2017-11-19 09:33:58.872  INFO Manishs-MacBook-Pro.local --- [           main] ationConfigEmbeddedWebApplicationContext : Refreshing org.springframework.boot.context.embedded.AnnotationConfigEmbeddedWebApplicationContext@1055e4af: startup date [Sun Nov 19 09:33:58 IST 2017]; root of context hierarchy
2017-11-19 09:33:59.211  INFO Manishs-MacBook-Pro.local --- [kground-preinit] o.h.v.i.u.Version                        : HV000001: Hibernate Validator 5.3.5.Final
2017-11-19 09:34:02.769  INFO Manishs-MacBook-Pro.local --- [           main] o.e.j.u.log                              : Logging initialized @6483ms to org.eclipse.jetty.util.log.Slf4jLog
2017-11-19 09:34:02.973  INFO Manishs-MacBook-Pro.local --- [           main] e.j.JettyEmbeddedServletContainerFactory : Server initialized with port: 8080
2017-11-19 09:34:02.978  INFO Manishs-MacBook-Pro.local --- [           main] o.e.j.s.Server                           : jetty-9.4.7.v20170914
2017-11-19 09:34:03.361  INFO Manishs-MacBook-Pro.local --- [           main] o.e.j.s.session                          : DefaultSessionIdManager workerName=node0
2017-11-19 09:34:03.361  INFO Manishs-MacBook-Pro.local --- [           main] o.e.j.s.session                          : No SessionScavenger set, using defaults
2017-11-19 09:34:03.365  INFO Manishs-MacBook-Pro.local --- [           main] o.e.j.s.session                          : Scavenging every 660000ms
2017-11-19 09:34:03.383  INFO Manishs-MacBook-Pro.local --- [           main] o.e.j.s.h.C.application                  : Initializing Spring embedded WebApplicationContext
2017-11-19 09:34:03.383  INFO Manishs-MacBook-Pro.local --- [           main] o.s.w.c.ContextLoader                    : Root WebApplicationContext: initialization completed in 4524 ms
2017-11-19 09:34:03.956  INFO Manishs-MacBook-Pro.local --- [           main] o.s.b.w.s.ServletRegistrationBean        : Mapping servlet: 'dispatcherServlet' to [/]
2017-11-19 09:34:03.960  INFO Manishs-MacBook-Pro.local --- [           main] o.s.b.w.s.FilterRegistrationBean         : Mapping filter: 'characterEncodingFilter' to: [/*]
2017-11-19 09:34:03.960  INFO Manishs-MacBook-Pro.local --- [           main] o.s.b.w.s.FilterRegistrationBean         : Mapping filter: 'hiddenHttpMethodFilter' to: [/*]
2017-11-19 09:34:03.960  INFO Manishs-MacBook-Pro.local --- [           main] o.s.b.w.s.FilterRegistrationBean         : Mapping filter: 'httpPutFormContentFilter' to: [/*]
2017-11-19 09:34:03.961  INFO Manishs-MacBook-Pro.local --- [           main] o.s.b.w.s.FilterRegistrationBean         : Mapping filter: 'requestContextFilter' to: [/*]
2017-11-19 09:34:03.968  INFO Manishs-MacBook-Pro.local --- [           main] o.e.j.s.h.ContextHandler                 : Started o.s.b.c.e.j.JettyEmbeddedWebAppContext@19d37183{/,[file:///private/var/folders/rx/ttjt05nx16z4vfvn49ttyx3m0000gn/T/jetty-docbase.3361154195765447971.8080/],AVAILABLE}
2017-11-19 09:34:03.969  INFO Manishs-MacBook-Pro.local --- [           main] o.e.j.s.Server                           : Started @7685ms
2017-11-19 09:34:05.388  INFO Manishs-MacBook-Pro.local --- [           main] j.LocalContainerEntityManagerFactoryBean : Building JPA container EntityManagerFactory for persistence unit 'default'
2017-11-19 09:34:05.577  INFO Manishs-MacBook-Pro.local --- [           main] o.h.j.i.u.LogHelper                      : HHH000204: Processing PersistenceUnitInfo [
	name: default
	...]
2017-11-19 09:34:05.762  INFO Manishs-MacBook-Pro.local --- [           main] o.h.Version                              : HHH000412: Hibernate Core {5.0.12.Final}
2017-11-19 09:34:05.765  INFO Manishs-MacBook-Pro.local --- [           main] o.h.c.Environment                        : HHH000206: hibernate.properties not found
2017-11-19 09:34:05.768  INFO Manishs-MacBook-Pro.local --- [           main] o.h.c.Environment                        : HHH000021: Bytecode provider name : javassist
2017-11-19 09:34:05.871  INFO Manishs-MacBook-Pro.local --- [           main] o.h.a.c.Version                          : HCANN000001: Hibernate Commons Annotations {5.0.1.Final}
2017-11-19 09:34:06.395  INFO Manishs-MacBook-Pro.local --- [           main] o.h.d.Dialect                            : HHH000400: Using dialect: org.hibernate.dialect.MySQLDialect
2017-11-19 09:34:07.202  INFO Manishs-MacBook-Pro.local --- [           main] j.LocalContainerEntityManagerFactoryBean : Initialized JPA EntityManagerFactory for persistence unit 'default'
2017-11-19 09:34:08.840  INFO Manishs-MacBook-Pro.local --- [           main] s.w.s.m.m.a.RequestMappingHandlerAdapter : Looking for @ControllerAdvice: org.springframework.boot.context.embedded.AnnotationConfigEmbeddedWebApplicationContext@1055e4af: startup date [Sun Nov 19 09:33:58 IST 2017]; root of context hierarchy
2017-11-19 09:34:09.006  INFO Manishs-MacBook-Pro.local --- [           main] s.w.s.m.m.a.RequestMappingHandlerMapping : Mapped "{[/api/users],methods=[POST]}" onto public org.springframework.http.ResponseEntity<java.lang.Void> com.TravelBuzzr.controller.TravelBuzzrController.addUser(com.TravelBuzzr.entity.User,org.springframework.web.util.UriComponentsBuilder) throws com.fasterxml.jackson.core.JsonProcessingException,java.io.IOException
2017-11-19 09:34:09.007  INFO Manishs-MacBook-Pro.local --- [           main] s.w.s.m.m.a.RequestMappingHandlerMapping : Mapped "{[/api/users],methods=[GET]}" onto public org.springframework.http.ResponseEntity<java.util.List<com.TravelBuzzr.entity.User>> com.TravelBuzzr.controller.TravelBuzzrController.getAllUsers()
2017-11-19 09:34:09.008  INFO Manishs-MacBook-Pro.local --- [           main] s.w.s.m.m.a.RequestMappingHandlerMapping : Mapped "{[/api/users/{id}],methods=[GET]}" onto public org.springframework.http.ResponseEntity<com.TravelBuzzr.entity.User> com.TravelBuzzr.controller.TravelBuzzrController.getUserById(java.lang.Integer)
2017-11-19 09:34:09.010  INFO Manishs-MacBook-Pro.local --- [           main] s.w.s.m.m.a.RequestMappingHandlerMapping : Mapped "{[/error]}" onto public org.springframework.http.ResponseEntity<java.util.Map<java.lang.String, java.lang.Object>> org.springframework.boot.autoconfigure.web.BasicErrorController.error(javax.servlet.http.HttpServletRequest)
2017-11-19 09:34:09.011  INFO Manishs-MacBook-Pro.local --- [           main] s.w.s.m.m.a.RequestMappingHandlerMapping : Mapped "{[/error],produces=[text/html]}" onto public org.springframework.web.servlet.ModelAndView org.springframework.boot.autoconfigure.web.BasicErrorController.errorHtml(javax.servlet.http.HttpServletRequest,javax.servlet.http.HttpServletResponse)
2017-11-19 09:34:09.107  INFO Manishs-MacBook-Pro.local --- [           main] o.s.w.s.h.SimpleUrlHandlerMapping        : Mapped URL path [/webjars/**] onto handler of type [class org.springframework.web.servlet.resource.ResourceHttpRequestHandler]
2017-11-19 09:34:09.107  INFO Manishs-MacBook-Pro.local --- [           main] o.s.w.s.h.SimpleUrlHandlerMapping        : Mapped URL path [/**] onto handler of type [class org.springframework.web.servlet.resource.ResourceHttpRequestHandler]
2017-11-19 09:34:09.212  INFO Manishs-MacBook-Pro.local --- [           main] o.s.w.s.h.SimpleUrlHandlerMapping        : Mapped URL path [/**/favicon.ico] onto handler of type [class org.springframework.web.servlet.resource.ResourceHttpRequestHandler]
2017-11-19 09:34:10.029  INFO Manishs-MacBook-Pro.local --- [           main] o.s.j.e.a.AnnotationMBeanExporter        : Registering beans for JMX exposure on startup
2017-11-19 09:34:10.046  INFO Manishs-MacBook-Pro.local --- [           main] o.s.c.s.DefaultLifecycleProcessor        : Starting beans in phase 2147483647
2017-11-19 09:34:10.446  INFO Manishs-MacBook-Pro.local --- [           main] o.e.j.s.h.C.application                  : Initializing Spring FrameworkServlet 'dispatcherServlet'
2017-11-19 09:34:10.447  INFO Manishs-MacBook-Pro.local --- [           main] o.s.w.s.DispatcherServlet                : FrameworkServlet 'dispatcherServlet': initialization started
2017-11-19 09:34:10.511  INFO Manishs-MacBook-Pro.local --- [           main] o.s.w.s.DispatcherServlet                : FrameworkServlet 'dispatcherServlet': initialization completed in 64 ms
2017-11-19 09:34:10.605  INFO Manishs-MacBook-Pro.local --- [           main] o.e.j.s.AbstractConnector                : Started ServerConnector@1a0dcaa{HTTP/1.1,[http/1.1]}{0.0.0.0:8080}
2017-11-19 09:34:10.607  INFO Manishs-MacBook-Pro.local --- [           main] .s.b.c.e.j.JettyEmbeddedServletContainer : Jetty started on port(s) 8080 (http/1.1)
2017-11-19 09:34:10.617  INFO Manishs-MacBook-Pro.local --- [           main] c.T.TravelBuzzrApplication               : Started TravelBuzzrApplication in 12.57 seconds (JVM running for 14.333)
2017-11-19 09:34:23.996  INFO Manishs-MacBook-Pro.local --- [tp1514840818-20] c.a.s.j.SQSMessageProducer               : Message sent to SQS with SQS-assigned messageId: f379e7c5-cf71-4d4d-9aa5-9fe336a6d5e9
2017-11-19 09:34:23.998  INFO Manishs-MacBook-Pro.local --- [tp1514840818-20] c.a.s.j.SQSSession                       : Shutting down SessionCallBackScheduler executor
2017-11-19 09:34:24.024  INFO Manishs-MacBook-Pro.local --- [enerContainer-1] c.T.s.i.TravelBuzzrMessagesService       : Message recieved : {"id":0,"phone":"0123456789"}
2017-11-19 09:34:27.168  INFO Manishs-MacBook-Pro.local --- [tp1514840818-15] c.a.s.j.SQSMessageProducer               : Message sent to SQS with SQS-assigned messageId: 84fe2bda-744b-4cdd-bc7d-bdd2027cffcc
2017-11-19 09:34:27.168  INFO Manishs-MacBook-Pro.local --- [tp1514840818-15] c.a.s.j.SQSSession                       : Shutting down SessionCallBackScheduler executor
2017-11-19 09:34:27.170  INFO Manishs-MacBook-Pro.local --- [enerContainer-3] c.T.s.i.TravelBuzzrMessagesService       : Message recieved : {"id":0,"phone":"0123456789"}
2017-11-19 10:13:32.412  INFO Manishs-MacBook-Pro.local --- [           main] c.T.TravelBuzzrApplication               : Starting TravelBuzzrApplication v0.0.1-SNAPSHOT on Manishs-MacBook-Pro.local with PID 27479 (/Users/manish/sandbox/TravelBuzzr/target/TravelBuzzr-0.0.1-SNAPSHOT.jar started by manish in /Users/manish/sandbox/TravelBuzzr)
2017-11-19 10:13:32.422  INFO Manishs-MacBook-Pro.local --- [           main] c.T.TravelBuzzrApplication               : The following profiles are active: local
2017-11-19 10:13:32.548  INFO Manishs-MacBook-Pro.local --- [           main] ationConfigEmbeddedWebApplicationContext : Refreshing org.springframework.boot.context.embedded.AnnotationConfigEmbeddedWebApplicationContext@383534aa: startup date [Sun Nov 19 10:13:32 IST 2017]; root of context hierarchy
2017-11-19 10:13:32.886  INFO Manishs-MacBook-Pro.local --- [kground-preinit] o.h.v.i.u.Version                        : HV000001: Hibernate Validator 5.3.5.Final
2017-11-19 10:13:36.256  INFO Manishs-MacBook-Pro.local --- [           main] o.e.j.u.log                              : Logging initialized @6418ms to org.eclipse.jetty.util.log.Slf4jLog
2017-11-19 10:13:36.471  INFO Manishs-MacBook-Pro.local --- [           main] e.j.JettyEmbeddedServletContainerFactory : Server initialized with port: 8080
2017-11-19 10:13:36.477  INFO Manishs-MacBook-Pro.local --- [           main] o.e.j.s.Server                           : jetty-9.4.7.v20170914
2017-11-19 10:13:36.800  INFO Manishs-MacBook-Pro.local --- [           main] o.e.j.s.session                          : DefaultSessionIdManager workerName=node0
2017-11-19 10:13:36.800  INFO Manishs-MacBook-Pro.local --- [           main] o.e.j.s.session                          : No SessionScavenger set, using defaults
2017-11-19 10:13:36.803  INFO Manishs-MacBook-Pro.local --- [           main] o.e.j.s.session                          : Scavenging every 660000ms
2017-11-19 10:13:36.812  INFO Manishs-MacBook-Pro.local --- [           main] o.e.j.s.h.C.application                  : Initializing Spring embedded WebApplicationContext
2017-11-19 10:13:36.812  INFO Manishs-MacBook-Pro.local --- [           main] o.s.w.c.ContextLoader                    : Root WebApplicationContext: initialization completed in 4270 ms
2017-11-19 10:13:37.367  INFO Manishs-MacBook-Pro.local --- [           main] o.s.b.w.s.ServletRegistrationBean        : Mapping servlet: 'dispatcherServlet' to [/]
2017-11-19 10:13:37.372  INFO Manishs-MacBook-Pro.local --- [           main] o.s.b.w.s.FilterRegistrationBean         : Mapping filter: 'characterEncodingFilter' to: [/*]
2017-11-19 10:13:37.373  INFO Manishs-MacBook-Pro.local --- [           main] o.s.b.w.s.FilterRegistrationBean         : Mapping filter: 'hiddenHttpMethodFilter' to: [/*]
2017-11-19 10:13:37.373  INFO Manishs-MacBook-Pro.local --- [           main] o.s.b.w.s.FilterRegistrationBean         : Mapping filter: 'httpPutFormContentFilter' to: [/*]
2017-11-19 10:13:37.374  INFO Manishs-MacBook-Pro.local --- [           main] o.s.b.w.s.FilterRegistrationBean         : Mapping filter: 'requestContextFilter' to: [/*]
2017-11-19 10:13:37.381  INFO Manishs-MacBook-Pro.local --- [           main] o.e.j.s.h.ContextHandler                 : Started o.s.b.c.e.j.JettyEmbeddedWebAppContext@45dd4eda{/,[file:///private/var/folders/rx/ttjt05nx16z4vfvn49ttyx3m0000gn/T/jetty-docbase.8443225295383467013.8080/],AVAILABLE}
2017-11-19 10:13:37.382  INFO Manishs-MacBook-Pro.local --- [           main] o.e.j.s.Server                           : Started @7546ms
2017-11-19 10:13:38.619  INFO Manishs-MacBook-Pro.local --- [           main] j.LocalContainerEntityManagerFactoryBean : Building JPA container EntityManagerFactory for persistence unit 'default'
2017-11-19 10:13:38.838  INFO Manishs-MacBook-Pro.local --- [           main] o.h.j.i.u.LogHelper                      : HHH000204: Processing PersistenceUnitInfo [
	name: default
	...]
2017-11-19 10:13:39.034  INFO Manishs-MacBook-Pro.local --- [           main] o.h.Version                              : HHH000412: Hibernate Core {5.0.12.Final}
2017-11-19 10:13:39.037  INFO Manishs-MacBook-Pro.local --- [           main] o.h.c.Environment                        : HHH000206: hibernate.properties not found
2017-11-19 10:13:39.040  INFO Manishs-MacBook-Pro.local --- [           main] o.h.c.Environment                        : HHH000021: Bytecode provider name : javassist
2017-11-19 10:13:39.149  INFO Manishs-MacBook-Pro.local --- [           main] o.h.a.c.Version                          : HCANN000001: Hibernate Commons Annotations {5.0.1.Final}
2017-11-19 10:13:39.645  INFO Manishs-MacBook-Pro.local --- [           main] o.h.d.Dialect                            : HHH000400: Using dialect: org.hibernate.dialect.MySQLDialect
2017-11-19 10:13:40.415  INFO Manishs-MacBook-Pro.local --- [           main] j.LocalContainerEntityManagerFactoryBean : Initialized JPA EntityManagerFactory for persistence unit 'default'
2017-11-19 10:13:42.026  INFO Manishs-MacBook-Pro.local --- [           main] s.w.s.m.m.a.RequestMappingHandlerAdapter : Looking for @ControllerAdvice: org.springframework.boot.context.embedded.AnnotationConfigEmbeddedWebApplicationContext@383534aa: startup date [Sun Nov 19 10:13:32 IST 2017]; root of context hierarchy
2017-11-19 10:13:42.217  INFO Manishs-MacBook-Pro.local --- [           main] s.w.s.m.m.a.RequestMappingHandlerMapping : Mapped "{[/api/users],methods=[POST]}" onto public org.springframework.http.ResponseEntity<java.lang.Void> com.TravelBuzzr.controller.TravelBuzzrController.addUser(com.TravelBuzzr.entity.User,org.springframework.web.util.UriComponentsBuilder) throws com.fasterxml.jackson.core.JsonProcessingException,java.io.IOException
2017-11-19 10:13:42.218  INFO Manishs-MacBook-Pro.local --- [           main] s.w.s.m.m.a.RequestMappingHandlerMapping : Mapped "{[/api/users],methods=[GET]}" onto public org.springframework.http.ResponseEntity<java.util.List<com.TravelBuzzr.entity.User>> com.TravelBuzzr.controller.TravelBuzzrController.getAllUsers()
2017-11-19 10:13:42.219  INFO Manishs-MacBook-Pro.local --- [           main] s.w.s.m.m.a.RequestMappingHandlerMapping : Mapped "{[/api/users/{id}],methods=[GET]}" onto public org.springframework.http.ResponseEntity<com.TravelBuzzr.entity.User> com.TravelBuzzr.controller.TravelBuzzrController.getUserById(java.lang.Integer)
2017-11-19 10:13:42.221  INFO Manishs-MacBook-Pro.local --- [           main] s.w.s.m.m.a.RequestMappingHandlerMapping : Mapped "{[/error]}" onto public org.springframework.http.ResponseEntity<java.util.Map<java.lang.String, java.lang.Object>> org.springframework.boot.autoconfigure.web.BasicErrorController.error(javax.servlet.http.HttpServletRequest)
2017-11-19 10:13:42.222  INFO Manishs-MacBook-Pro.local --- [           main] s.w.s.m.m.a.RequestMappingHandlerMapping : Mapped "{[/error],produces=[text/html]}" onto public org.springframework.web.servlet.ModelAndView org.springframework.boot.autoconfigure.web.BasicErrorController.errorHtml(javax.servlet.http.HttpServletRequest,javax.servlet.http.HttpServletResponse)
2017-11-19 10:13:42.315  INFO Manishs-MacBook-Pro.local --- [           main] o.s.w.s.h.SimpleUrlHandlerMapping        : Mapped URL path [/webjars/**] onto handler of type [class org.springframework.web.servlet.resource.ResourceHttpRequestHandler]
2017-11-19 10:13:42.315  INFO Manishs-MacBook-Pro.local --- [           main] o.s.w.s.h.SimpleUrlHandlerMapping        : Mapped URL path [/**] onto handler of type [class org.springframework.web.servlet.resource.ResourceHttpRequestHandler]
2017-11-19 10:13:42.432  INFO Manishs-MacBook-Pro.local --- [           main] o.s.w.s.h.SimpleUrlHandlerMapping        : Mapped URL path [/**/favicon.ico] onto handler of type [class org.springframework.web.servlet.resource.ResourceHttpRequestHandler]
2017-11-19 10:13:43.225  INFO Manishs-MacBook-Pro.local --- [           main] o.s.j.e.a.AnnotationMBeanExporter        : Registering beans for JMX exposure on startup
2017-11-19 10:13:43.236  INFO Manishs-MacBook-Pro.local --- [           main] o.s.c.s.DefaultLifecycleProcessor        : Starting beans in phase 2147483647
2017-11-19 10:13:43.581  INFO Manishs-MacBook-Pro.local --- [           main] o.e.j.s.h.C.application                  : Initializing Spring FrameworkServlet 'dispatcherServlet'
2017-11-19 10:13:43.582  INFO Manishs-MacBook-Pro.local --- [           main] o.s.w.s.DispatcherServlet                : FrameworkServlet 'dispatcherServlet': initialization started
2017-11-19 10:13:43.702  INFO Manishs-MacBook-Pro.local --- [           main] o.s.w.s.DispatcherServlet                : FrameworkServlet 'dispatcherServlet': initialization completed in 120 ms
2017-11-19 10:13:43.804  INFO Manishs-MacBook-Pro.local --- [           main] o.e.j.s.AbstractConnector                : Started ServerConnector@60611244{HTTP/1.1,[http/1.1]}{0.0.0.0:8080}
2017-11-19 10:13:43.806  INFO Manishs-MacBook-Pro.local --- [           main] .s.b.c.e.j.JettyEmbeddedServletContainer : Jetty started on port(s) 8080 (http/1.1)
2017-11-19 10:13:43.813  INFO Manishs-MacBook-Pro.local --- [           main] c.T.TravelBuzzrApplication               : Started TravelBuzzrApplication in 12.092 seconds (JVM running for 13.977)
2017-11-19 10:16:54.592  INFO Manishs-MacBook-Pro.local --- [tp1641313620-19] c.a.s.j.SQSMessageProducer               : Message sent to SQS with SQS-assigned messageId: 7f2bd7d3-5879-4179-ad73-f2855d6d6a77
2017-11-19 10:16:54.593  INFO Manishs-MacBook-Pro.local --- [tp1641313620-19] c.a.s.j.SQSSession                       : Shutting down SessionCallBackScheduler executor
2017-11-19 10:16:54.678  INFO Manishs-MacBook-Pro.local --- [enerContainer-1] c.T.s.i.TravelBuzzrMessagesService       : Message recieved : {"id":0,"phone":"0123456789"}
2017-11-20 08:13:38.493 ERROR Manishs-MacBook-Pro.local --- [refetchThread-3] c.a.s.j.AmazonSQSMessagingClientWrapper  : AmazonClientException: receiveMessage.
com.amazonaws.SdkClientException: Unable to execute HTTP request: sqs.ap-south-1.amazonaws.com
	at com.amazonaws.http.AmazonHttpClient$RequestExecutor.handleRetryableException(AmazonHttpClient.java:1114)
	at com.amazonaws.http.AmazonHttpClient$RequestExecutor.executeHelper(AmazonHttpClient.java:1064)
	at com.amazonaws.http.AmazonHttpClient$RequestExecutor.doExecute(AmazonHttpClient.java:743)
	at com.amazonaws.http.AmazonHttpClient$RequestExecutor.executeWithTimer(AmazonHttpClient.java:717)
	at com.amazonaws.http.AmazonHttpClient$RequestExecutor.execute(AmazonHttpClient.java:699)
	at com.amazonaws.http.AmazonHttpClient$RequestExecutor.access$500(AmazonHttpClient.java:667)
	at com.amazonaws.http.AmazonHttpClient$RequestExecutionBuilderImpl.execute(AmazonHttpClient.java:649)
	at com.amazonaws.http.AmazonHttpClient.execute(AmazonHttpClient.java:513)
	at com.amazonaws.services.sqs.AmazonSQSClient.doInvoke(AmazonSQSClient.java:2013)
	at com.amazonaws.services.sqs.AmazonSQSClient.invoke(AmazonSQSClient.java:1989)
	at com.amazonaws.services.sqs.AmazonSQSClient.executeReceiveMessage(AmazonSQSClient.java:1471)
	at com.amazonaws.services.sqs.AmazonSQSClient.receiveMessage(AmazonSQSClient.java:1447)
	at com.amazon.sqs.javamessaging.AmazonSQSMessagingClientWrapper.receiveMessage(AmazonSQSMessagingClientWrapper.java:337)
	at com.amazon.sqs.javamessaging.SQSMessageConsumerPrefetch.getMessages(SQSMessageConsumerPrefetch.java:248)
	at com.amazon.sqs.javamessaging.SQSMessageConsumerPrefetch.run(SQSMessageConsumerPrefetch.java:207)
	at java.util.concurrent.ThreadPoolExecutor.runWorker(ThreadPoolExecutor.java:1142)
	at java.util.concurrent.ThreadPoolExecutor$Worker.run(ThreadPoolExecutor.java:617)
	at java.lang.Thread.run(Thread.java:745)
Caused by: java.net.UnknownHostException: sqs.ap-south-1.amazonaws.com
	at java.net.InetAddress.getAllByName0(InetAddress.java:1280)
	at java.net.InetAddress.getAllByName(InetAddress.java:1192)
	at java.net.InetAddress.getAllByName(InetAddress.java:1126)
	at com.amazonaws.SystemDefaultDnsResolver.resolve(SystemDefaultDnsResolver.java:27)
	at com.amazonaws.http.DelegatingDnsResolver.resolve(DelegatingDnsResolver.java:38)
	at org.apache.http.impl.conn.DefaultHttpClientConnectionOperator.connect(DefaultHttpClientConnectionOperator.java:112)
	at org.apache.http.impl.conn.PoolingHttpClientConnectionManager.connect(PoolingHttpClientConnectionManager.java:359)
	at sun.reflect.NativeMethodAccessorImpl.invoke0(Native Method)
	at sun.reflect.NativeMethodAccessorImpl.invoke(NativeMethodAccessorImpl.java:62)
	at sun.reflect.DelegatingMethodAccessorImpl.invoke(DelegatingMethodAccessorImpl.java:43)
	at java.lang.reflect.Method.invoke(Method.java:497)
	at com.amazonaws.http.conn.ClientConnectionManagerFactory$Handler.invoke(ClientConnectionManagerFactory.java:76)
	at com.amazonaws.http.conn.$Proxy104.connect(Unknown Source)
	at org.apache.http.impl.execchain.MainClientExec.establishRoute(MainClientExec.java:381)
	at org.apache.http.impl.execchain.MainClientExec.execute(MainClientExec.java:237)
	at org.apache.http.impl.execchain.ProtocolExec.execute(ProtocolExec.java:185)
	at org.apache.http.impl.client.InternalHttpClient.doExecute(InternalHttpClient.java:185)
	at org.apache.http.impl.client.CloseableHttpClient.execute(CloseableHttpClient.java:83)
	at org.apache.http.impl.client.CloseableHttpClient.execute(CloseableHttpClient.java:56)
	at com.amazonaws.http.apache.client.impl.SdkHttpClient.execute(SdkHttpClient.java:72)
	at com.amazonaws.http.AmazonHttpClient$RequestExecutor.executeOneRequest(AmazonHttpClient.java:1236)
	at com.amazonaws.http.AmazonHttpClient$RequestExecutor.executeHelper(AmazonHttpClient.java:1056)
	... 16 more
2017-11-20 08:13:38.593  WARN Manishs-MacBook-Pro.local --- [refetchThread-3] c.a.s.j.SQSMessageConsumerPrefetch       : Encountered exception during receive in ConsumerPrefetch thread
javax.jms.JMSException: AmazonClientException: receiveMessage.
	at com.amazon.sqs.javamessaging.AmazonSQSMessagingClientWrapper.handleException(AmazonSQSMessagingClientWrapper.java:422)
	at com.amazon.sqs.javamessaging.AmazonSQSMessagingClientWrapper.receiveMessage(AmazonSQSMessagingClientWrapper.java:339)
	at com.amazon.sqs.javamessaging.SQSMessageConsumerPrefetch.getMessages(SQSMessageConsumerPrefetch.java:248)
	at com.amazon.sqs.javamessaging.SQSMessageConsumerPrefetch.run(SQSMessageConsumerPrefetch.java:207)
	at java.util.concurrent.ThreadPoolExecutor.runWorker(ThreadPoolExecutor.java:1142)
	at java.util.concurrent.ThreadPoolExecutor$Worker.run(ThreadPoolExecutor.java:617)
	at java.lang.Thread.run(Thread.java:745)
Caused by: com.amazonaws.SdkClientException: Unable to execute HTTP request: sqs.ap-south-1.amazonaws.com
	at com.amazonaws.http.AmazonHttpClient$RequestExecutor.handleRetryableException(AmazonHttpClient.java:1114)
	at com.amazonaws.http.AmazonHttpClient$RequestExecutor.executeHelper(AmazonHttpClient.java:1064)
	at com.amazonaws.http.AmazonHttpClient$RequestExecutor.doExecute(AmazonHttpClient.java:743)
	at com.amazonaws.http.AmazonHttpClient$RequestExecutor.executeWithTimer(AmazonHttpClient.java:717)
	at com.amazonaws.http.AmazonHttpClient$RequestExecutor.execute(AmazonHttpClient.java:699)
	at com.amazonaws.http.AmazonHttpClient$RequestExecutor.access$500(AmazonHttpClient.java:667)
	at com.amazonaws.http.AmazonHttpClient$RequestExecutionBuilderImpl.execute(AmazonHttpClient.java:649)
	at com.amazonaws.http.AmazonHttpClient.execute(AmazonHttpClient.java:513)
	at com.amazonaws.services.sqs.AmazonSQSClient.doInvoke(AmazonSQSClient.java:2013)
	at com.amazonaws.services.sqs.AmazonSQSClient.invoke(AmazonSQSClient.java:1989)
	at com.amazonaws.services.sqs.AmazonSQSClient.executeReceiveMessage(AmazonSQSClient.java:1471)
	at com.amazonaws.services.sqs.AmazonSQSClient.receiveMessage(AmazonSQSClient.java:1447)
	at com.amazon.sqs.javamessaging.AmazonSQSMessagingClientWrapper.receiveMessage(AmazonSQSMessagingClientWrapper.java:337)
	... 5 more
Caused by: java.net.UnknownHostException: sqs.ap-south-1.amazonaws.com
	at java.net.InetAddress.getAllByName0(InetAddress.java:1280)
	at java.net.InetAddress.getAllByName(InetAddress.java:1192)
	at java.net.InetAddress.getAllByName(InetAddress.java:1126)
	at com.amazonaws.SystemDefaultDnsResolver.resolve(SystemDefaultDnsResolver.java:27)
	at com.amazonaws.http.DelegatingDnsResolver.resolve(DelegatingDnsResolver.java:38)
	at org.apache.http.impl.conn.DefaultHttpClientConnectionOperator.connect(DefaultHttpClientConnectionOperator.java:112)
	at org.apache.http.impl.conn.PoolingHttpClientConnectionManager.connect(PoolingHttpClientConnectionManager.java:359)
	at sun.reflect.NativeMethodAccessorImpl.invoke0(Native Method)
	at sun.reflect.NativeMethodAccessorImpl.invoke(NativeMethodAccessorImpl.java:62)
	at sun.reflect.DelegatingMethodAccessorImpl.invoke(DelegatingMethodAccessorImpl.java:43)
	at java.lang.reflect.Method.invoke(Method.java:497)
	at com.amazonaws.http.conn.ClientConnectionManagerFactory$Handler.invoke(ClientConnectionManagerFactory.java:76)
	at com.amazonaws.http.conn.$Proxy104.connect(Unknown Source)
	at org.apache.http.impl.execchain.MainClientExec.establishRoute(MainClientExec.java:381)
	at org.apache.http.impl.execchain.MainClientExec.execute(MainClientExec.java:237)
	at org.apache.http.impl.execchain.ProtocolExec.execute(ProtocolExec.java:185)
	at org.apache.http.impl.client.InternalHttpClient.doExecute(InternalHttpClient.java:185)
	at org.apache.http.impl.client.CloseableHttpClient.execute(CloseableHttpClient.java:83)
	at org.apache.http.impl.client.CloseableHttpClient.execute(CloseableHttpClient.java:56)
	at com.amazonaws.http.apache.client.impl.SdkHttpClient.execute(SdkHttpClient.java:72)
	at com.amazonaws.http.AmazonHttpClient$RequestExecutor.executeOneRequest(AmazonHttpClient.java:1236)
	at com.amazonaws.http.AmazonHttpClient$RequestExecutor.executeHelper(AmazonHttpClient.java:1056)
	... 16 more
2017-11-20 08:13:39.189 ERROR Manishs-MacBook-Pro.local --- [refetchThread-3] c.a.s.j.AmazonSQSMessagingClientWrapper  : AmazonClientException: receiveMessage.
com.amazonaws.SdkClientException: Unable to execute HTTP request: sqs.ap-south-1.amazonaws.com
	at com.amazonaws.http.AmazonHttpClient$RequestExecutor.handleRetryableException(AmazonHttpClient.java:1114)
	at com.amazonaws.http.AmazonHttpClient$RequestExecutor.executeHelper(AmazonHttpClient.java:1064)
	at com.amazonaws.http.AmazonHttpClient$RequestExecutor.doExecute(AmazonHttpClient.java:743)
	at com.amazonaws.http.AmazonHttpClient$RequestExecutor.executeWithTimer(AmazonHttpClient.java:717)
	at com.amazonaws.http.AmazonHttpClient$RequestExecutor.execute(AmazonHttpClient.java:699)
	at com.amazonaws.http.AmazonHttpClient$RequestExecutor.access$500(AmazonHttpClient.java:667)
	at com.amazonaws.http.AmazonHttpClient$RequestExecutionBuilderImpl.execute(AmazonHttpClient.java:649)
	at com.amazonaws.http.AmazonHttpClient.execute(AmazonHttpClient.java:513)
	at com.amazonaws.services.sqs.AmazonSQSClient.doInvoke(AmazonSQSClient.java:2013)
	at com.amazonaws.services.sqs.AmazonSQSClient.invoke(AmazonSQSClient.java:1989)
	at com.amazonaws.services.sqs.AmazonSQSClient.executeReceiveMessage(AmazonSQSClient.java:1471)
	at com.amazonaws.services.sqs.AmazonSQSClient.receiveMessage(AmazonSQSClient.java:1447)
	at com.amazon.sqs.javamessaging.AmazonSQSMessagingClientWrapper.receiveMessage(AmazonSQSMessagingClientWrapper.java:337)
	at com.amazon.sqs.javamessaging.SQSMessageConsumerPrefetch.getMessages(SQSMessageConsumerPrefetch.java:248)
	at com.amazon.sqs.javamessaging.SQSMessageConsumerPrefetch.run(SQSMessageConsumerPrefetch.java:207)
	at java.util.concurrent.ThreadPoolExecutor.runWorker(ThreadPoolExecutor.java:1142)
	at java.util.concurrent.ThreadPoolExecutor$Worker.run(ThreadPoolExecutor.java:617)
	at java.lang.Thread.run(Thread.java:745)
Caused by: java.net.UnknownHostException: sqs.ap-south-1.amazonaws.com
	at java.net.InetAddress.getAllByName0(InetAddress.java:1280)
	at java.net.InetAddress.getAllByName(InetAddress.java:1192)
	at java.net.InetAddress.getAllByName(InetAddress.java:1126)
	at com.amazonaws.SystemDefaultDnsResolver.resolve(SystemDefaultDnsResolver.java:27)
	at com.amazonaws.http.DelegatingDnsResolver.resolve(DelegatingDnsResolver.java:38)
	at org.apache.http.impl.conn.DefaultHttpClientConnectionOperator.connect(DefaultHttpClientConnectionOperator.java:112)
	at org.apache.http.impl.conn.PoolingHttpClientConnectionManager.connect(PoolingHttpClientConnectionManager.java:359)
	at sun.reflect.GeneratedMethodAccessor54.invoke(Unknown Source)
	at sun.reflect.DelegatingMethodAccessorImpl.invoke(DelegatingMethodAccessorImpl.java:43)
	at java.lang.reflect.Method.invoke(Method.java:497)
	at com.amazonaws.http.conn.ClientConnectionManagerFactory$Handler.invoke(ClientConnectionManagerFactory.java:76)
	at com.amazonaws.http.conn.$Proxy104.connect(Unknown Source)
	at org.apache.http.impl.execchain.MainClientExec.establishRoute(MainClientExec.java:381)
	at org.apache.http.impl.execchain.MainClientExec.execute(MainClientExec.java:237)
	at org.apache.http.impl.execchain.ProtocolExec.execute(ProtocolExec.java:185)
	at org.apache.http.impl.client.InternalHttpClient.doExecute(InternalHttpClient.java:185)
	at org.apache.http.impl.client.CloseableHttpClient.execute(CloseableHttpClient.java:83)
	at org.apache.http.impl.client.CloseableHttpClient.execute(CloseableHttpClient.java:56)
	at com.amazonaws.http.apache.client.impl.SdkHttpClient.execute(SdkHttpClient.java:72)
	at com.amazonaws.http.AmazonHttpClient$RequestExecutor.executeOneRequest(AmazonHttpClient.java:1236)
	at com.amazonaws.http.AmazonHttpClient$RequestExecutor.executeHelper(AmazonHttpClient.java:1056)
	... 16 more
2017-11-20 08:13:39.190  WARN Manishs-MacBook-Pro.local --- [refetchThread-3] c.a.s.j.SQSMessageConsumerPrefetch       : Encountered exception during receive in ConsumerPrefetch thread
javax.jms.JMSException: AmazonClientException: receiveMessage.
	at com.amazon.sqs.javamessaging.AmazonSQSMessagingClientWrapper.handleException(AmazonSQSMessagingClientWrapper.java:422)
	at com.amazon.sqs.javamessaging.AmazonSQSMessagingClientWrapper.receiveMessage(AmazonSQSMessagingClientWrapper.java:339)
	at com.amazon.sqs.javamessaging.SQSMessageConsumerPrefetch.getMessages(SQSMessageConsumerPrefetch.java:248)
	at com.amazon.sqs.javamessaging.SQSMessageConsumerPrefetch.run(SQSMessageConsumerPrefetch.java:207)
	at java.util.concurrent.ThreadPoolExecutor.runWorker(ThreadPoolExecutor.java:1142)
	at java.util.concurrent.ThreadPoolExecutor$Worker.run(ThreadPoolExecutor.java:617)
	at java.lang.Thread.run(Thread.java:745)
Caused by: com.amazonaws.SdkClientException: Unable to execute HTTP request: sqs.ap-south-1.amazonaws.com
	at com.amazonaws.http.AmazonHttpClient$RequestExecutor.handleRetryableException(AmazonHttpClient.java:1114)
	at com.amazonaws.http.AmazonHttpClient$RequestExecutor.executeHelper(AmazonHttpClient.java:1064)
	at com.amazonaws.http.AmazonHttpClient$RequestExecutor.doExecute(AmazonHttpClient.java:743)
	at com.amazonaws.http.AmazonHttpClient$RequestExecutor.executeWithTimer(AmazonHttpClient.java:717)
	at com.amazonaws.http.AmazonHttpClient$RequestExecutor.execute(AmazonHttpClient.java:699)
	at com.amazonaws.http.AmazonHttpClient$RequestExecutor.access$500(AmazonHttpClient.java:667)
	at com.amazonaws.http.AmazonHttpClient$RequestExecutionBuilderImpl.execute(AmazonHttpClient.java:649)
	at com.amazonaws.http.AmazonHttpClient.execute(AmazonHttpClient.java:513)
	at com.amazonaws.services.sqs.AmazonSQSClient.doInvoke(AmazonSQSClient.java:2013)
	at com.amazonaws.services.sqs.AmazonSQSClient.invoke(AmazonSQSClient.java:1989)
	at com.amazonaws.services.sqs.AmazonSQSClient.executeReceiveMessage(AmazonSQSClient.java:1471)
	at com.amazonaws.services.sqs.AmazonSQSClient.receiveMessage(AmazonSQSClient.java:1447)
	at com.amazon.sqs.javamessaging.AmazonSQSMessagingClientWrapper.receiveMessage(AmazonSQSMessagingClientWrapper.java:337)
	... 5 more
Caused by: java.net.UnknownHostException: sqs.ap-south-1.amazonaws.com
	at java.net.InetAddress.getAllByName0(InetAddress.java:1280)
	at java.net.InetAddress.getAllByName(InetAddress.java:1192)
	at java.net.InetAddress.getAllByName(InetAddress.java:1126)
	at com.amazonaws.SystemDefaultDnsResolver.resolve(SystemDefaultDnsResolver.java:27)
	at com.amazonaws.http.DelegatingDnsResolver.resolve(DelegatingDnsResolver.java:38)
	at org.apache.http.impl.conn.DefaultHttpClientConnectionOperator.connect(DefaultHttpClientConnectionOperator.java:112)
	at org.apache.http.impl.conn.PoolingHttpClientConnectionManager.connect(PoolingHttpClientConnectionManager.java:359)
	at sun.reflect.GeneratedMethodAccessor54.invoke(Unknown Source)
	at sun.reflect.DelegatingMethodAccessorImpl.invoke(DelegatingMethodAccessorImpl.java:43)
	at java.lang.reflect.Method.invoke(Method.java:497)
	at com.amazonaws.http.conn.ClientConnectionManagerFactory$Handler.invoke(ClientConnectionManagerFactory.java:76)
	at com.amazonaws.http.conn.$Proxy104.connect(Unknown Source)
	at org.apache.http.impl.execchain.MainClientExec.establishRoute(MainClientExec.java:381)
	at org.apache.http.impl.execchain.MainClientExec.execute(MainClientExec.java:237)
	at org.apache.http.impl.execchain.ProtocolExec.execute(ProtocolExec.java:185)
	at org.apache.http.impl.client.InternalHttpClient.doExecute(InternalHttpClient.java:185)
	at org.apache.http.impl.client.CloseableHttpClient.execute(CloseableHttpClient.java:83)
	at org.apache.http.impl.client.CloseableHttpClient.execute(CloseableHttpClient.java:56)
	at com.amazonaws.http.apache.client.impl.SdkHttpClient.execute(SdkHttpClient.java:72)
	at com.amazonaws.http.AmazonHttpClient$RequestExecutor.executeOneRequest(AmazonHttpClient.java:1236)
	at com.amazonaws.http.AmazonHttpClient$RequestExecutor.executeHelper(AmazonHttpClient.java:1056)
	... 16 more
2017-11-20 08:13:39.443 ERROR Manishs-MacBook-Pro.local --- [refetchThread-3] c.a.s.j.AmazonSQSMessagingClientWrapper  : AmazonClientException: receiveMessage.
com.amazonaws.SdkClientException: Unable to execute HTTP request: sqs.ap-south-1.amazonaws.com
	at com.amazonaws.http.AmazonHttpClient$RequestExecutor.handleRetryableException(AmazonHttpClient.java:1114)
	at com.amazonaws.http.AmazonHttpClient$RequestExecutor.executeHelper(AmazonHttpClient.java:1064)
	at com.amazonaws.http.AmazonHttpClient$RequestExecutor.doExecute(AmazonHttpClient.java:743)
	at com.amazonaws.http.AmazonHttpClient$RequestExecutor.executeWithTimer(AmazonHttpClient.java:717)
	at com.amazonaws.http.AmazonHttpClient$RequestExecutor.execute(AmazonHttpClient.java:699)
	at com.amazonaws.http.AmazonHttpClient$RequestExecutor.access$500(AmazonHttpClient.java:667)
	at com.amazonaws.http.AmazonHttpClient$RequestExecutionBuilderImpl.execute(AmazonHttpClient.java:649)
	at com.amazonaws.http.AmazonHttpClient.execute(AmazonHttpClient.java:513)
	at com.amazonaws.services.sqs.AmazonSQSClient.doInvoke(AmazonSQSClient.java:2013)
	at com.amazonaws.services.sqs.AmazonSQSClient.invoke(AmazonSQSClient.java:1989)
	at com.amazonaws.services.sqs.AmazonSQSClient.executeReceiveMessage(AmazonSQSClient.java:1471)
	at com.amazonaws.services.sqs.AmazonSQSClient.receiveMessage(AmazonSQSClient.java:1447)
	at com.amazon.sqs.javamessaging.AmazonSQSMessagingClientWrapper.receiveMessage(AmazonSQSMessagingClientWrapper.java:337)
	at com.amazon.sqs.javamessaging.SQSMessageConsumerPrefetch.getMessages(SQSMessageConsumerPrefetch.java:248)
	at com.amazon.sqs.javamessaging.SQSMessageConsumerPrefetch.run(SQSMessageConsumerPrefetch.java:207)
	at java.util.concurrent.ThreadPoolExecutor.runWorker(ThreadPoolExecutor.java:1142)
	at java.util.concurrent.ThreadPoolExecutor$Worker.run(ThreadPoolExecutor.java:617)
	at java.lang.Thread.run(Thread.java:745)
Caused by: java.net.UnknownHostException: sqs.ap-south-1.amazonaws.com
	at java.net.InetAddress.getAllByName0(InetAddress.java:1280)
	at java.net.InetAddress.getAllByName(InetAddress.java:1192)
	at java.net.InetAddress.getAllByName(InetAddress.java:1126)
	at com.amazonaws.SystemDefaultDnsResolver.resolve(SystemDefaultDnsResolver.java:27)
	at com.amazonaws.http.DelegatingDnsResolver.resolve(DelegatingDnsResolver.java:38)
	at org.apache.http.impl.conn.DefaultHttpClientConnectionOperator.connect(DefaultHttpClientConnectionOperator.java:112)
	at org.apache.http.impl.conn.PoolingHttpClientConnectionManager.connect(PoolingHttpClientConnectionManager.java:359)
	at sun.reflect.GeneratedMethodAccessor54.invoke(Unknown Source)
	at sun.reflect.DelegatingMethodAccessorImpl.invoke(DelegatingMethodAccessorImpl.java:43)
	at java.lang.reflect.Method.invoke(Method.java:497)
	at com.amazonaws.http.conn.ClientConnectionManagerFactory$Handler.invoke(ClientConnectionManagerFactory.java:76)
	at com.amazonaws.http.conn.$Proxy104.connect(Unknown Source)
	at org.apache.http.impl.execchain.MainClientExec.establishRoute(MainClientExec.java:381)
	at org.apache.http.impl.execchain.MainClientExec.execute(MainClientExec.java:237)
	at org.apache.http.impl.execchain.ProtocolExec.execute(ProtocolExec.java:185)
	at org.apache.http.impl.client.InternalHttpClient.doExecute(InternalHttpClient.java:185)
	at org.apache.http.impl.client.CloseableHttpClient.execute(CloseableHttpClient.java:83)
	at org.apache.http.impl.client.CloseableHttpClient.execute(CloseableHttpClient.java:56)
	at com.amazonaws.http.apache.client.impl.SdkHttpClient.execute(SdkHttpClient.java:72)
	at com.amazonaws.http.AmazonHttpClient$RequestExecutor.executeOneRequest(AmazonHttpClient.java:1236)
	at com.amazonaws.http.AmazonHttpClient$RequestExecutor.executeHelper(AmazonHttpClient.java:1056)
	... 16 more
2017-11-20 08:13:39.443  WARN Manishs-MacBook-Pro.local --- [refetchThread-3] c.a.s.j.SQSMessageConsumerPrefetch       : Encountered exception during receive in ConsumerPrefetch thread
javax.jms.JMSException: AmazonClientException: receiveMessage.
	at com.amazon.sqs.javamessaging.AmazonSQSMessagingClientWrapper.handleException(AmazonSQSMessagingClientWrapper.java:422)
	at com.amazon.sqs.javamessaging.AmazonSQSMessagingClientWrapper.receiveMessage(AmazonSQSMessagingClientWrapper.java:339)
	at com.amazon.sqs.javamessaging.SQSMessageConsumerPrefetch.getMessages(SQSMessageConsumerPrefetch.java:248)
	at com.amazon.sqs.javamessaging.SQSMessageConsumerPrefetch.run(SQSMessageConsumerPrefetch.java:207)
	at java.util.concurrent.ThreadPoolExecutor.runWorker(ThreadPoolExecutor.java:1142)
	at java.util.concurrent.ThreadPoolExecutor$Worker.run(ThreadPoolExecutor.java:617)
	at java.lang.Thread.run(Thread.java:745)
Caused by: com.amazonaws.SdkClientException: Unable to execute HTTP request: sqs.ap-south-1.amazonaws.com
	at com.amazonaws.http.AmazonHttpClient$RequestExecutor.handleRetryableException(AmazonHttpClient.java:1114)
	at com.amazonaws.http.AmazonHttpClient$RequestExecutor.executeHelper(AmazonHttpClient.java:1064)
	at com.amazonaws.http.AmazonHttpClient$RequestExecutor.doExecute(AmazonHttpClient.java:743)
	at com.amazonaws.http.AmazonHttpClient$RequestExecutor.executeWithTimer(AmazonHttpClient.java:717)
	at com.amazonaws.http.AmazonHttpClient$RequestExecutor.execute(AmazonHttpClient.java:699)
	at com.amazonaws.http.AmazonHttpClient$RequestExecutor.access$500(AmazonHttpClient.java:667)
	at com.amazonaws.http.AmazonHttpClient$RequestExecutionBuilderImpl.execute(AmazonHttpClient.java:649)
	at com.amazonaws.http.AmazonHttpClient.execute(AmazonHttpClient.java:513)
	at com.amazonaws.services.sqs.AmazonSQSClient.doInvoke(AmazonSQSClient.java:2013)
	at com.amazonaws.services.sqs.AmazonSQSClient.invoke(AmazonSQSClient.java:1989)
	at com.amazonaws.services.sqs.AmazonSQSClient.executeReceiveMessage(AmazonSQSClient.java:1471)
	at com.amazonaws.services.sqs.AmazonSQSClient.receiveMessage(AmazonSQSClient.java:1447)
	at com.amazon.sqs.javamessaging.AmazonSQSMessagingClientWrapper.receiveMessage(AmazonSQSMessagingClientWrapper.java:337)
	... 5 more
Caused by: java.net.UnknownHostException: sqs.ap-south-1.amazonaws.com
	at java.net.InetAddress.getAllByName0(InetAddress.java:1280)
	at java.net.InetAddress.getAllByName(InetAddress.java:1192)
	at java.net.InetAddress.getAllByName(InetAddress.java:1126)
	at com.amazonaws.SystemDefaultDnsResolver.resolve(SystemDefaultDnsResolver.java:27)
	at com.amazonaws.http.DelegatingDnsResolver.resolve(DelegatingDnsResolver.java:38)
	at org.apache.http.impl.conn.DefaultHttpClientConnectionOperator.connect(DefaultHttpClientConnectionOperator.java:112)
	at org.apache.http.impl.conn.PoolingHttpClientConnectionManager.connect(PoolingHttpClientConnectionManager.java:359)
	at sun.reflect.GeneratedMethodAccessor54.invoke(Unknown Source)
	at sun.reflect.DelegatingMethodAccessorImpl.invoke(DelegatingMethodAccessorImpl.java:43)
	at java.lang.reflect.Method.invoke(Method.java:497)
	at com.amazonaws.http.conn.ClientConnectionManagerFactory$Handler.invoke(ClientConnectionManagerFactory.java:76)
	at com.amazonaws.http.conn.$Proxy104.connect(Unknown Source)
	at org.apache.http.impl.execchain.MainClientExec.establishRoute(MainClientExec.java:381)
	at org.apache.http.impl.execchain.MainClientExec.execute(MainClientExec.java:237)
	at org.apache.http.impl.execchain.ProtocolExec.execute(ProtocolExec.java:185)
	at org.apache.http.impl.client.InternalHttpClient.doExecute(InternalHttpClient.java:185)
	at org.apache.http.impl.client.CloseableHttpClient.execute(CloseableHttpClient.java:83)
	at org.apache.http.impl.client.CloseableHttpClient.execute(CloseableHttpClient.java:56)
	at com.amazonaws.http.apache.client.impl.SdkHttpClient.execute(SdkHttpClient.java:72)
	at com.amazonaws.http.AmazonHttpClient$RequestExecutor.executeOneRequest(AmazonHttpClient.java:1236)
	at com.amazonaws.http.AmazonHttpClient$RequestExecutor.executeHelper(AmazonHttpClient.java:1056)
	... 16 more
2017-11-20 08:13:39.777 ERROR Manishs-MacBook-Pro.local --- [refetchThread-3] c.a.s.j.AmazonSQSMessagingClientWrapper  : AmazonClientException: receiveMessage.
com.amazonaws.SdkClientException: Unable to execute HTTP request: sqs.ap-south-1.amazonaws.com
	at com.amazonaws.http.AmazonHttpClient$RequestExecutor.handleRetryableException(AmazonHttpClient.java:1114)
	at com.amazonaws.http.AmazonHttpClient$RequestExecutor.executeHelper(AmazonHttpClient.java:1064)
	at com.amazonaws.http.AmazonHttpClient$RequestExecutor.doExecute(AmazonHttpClient.java:743)
	at com.amazonaws.http.AmazonHttpClient$RequestExecutor.executeWithTimer(AmazonHttpClient.java:717)
	at com.amazonaws.http.AmazonHttpClient$RequestExecutor.execute(AmazonHttpClient.java:699)
	at com.amazonaws.http.AmazonHttpClient$RequestExecutor.access$500(AmazonHttpClient.java:667)
	at com.amazonaws.http.AmazonHttpClient$RequestExecutionBuilderImpl.execute(AmazonHttpClient.java:649)
	at com.amazonaws.http.AmazonHttpClient.execute(AmazonHttpClient.java:513)
	at com.amazonaws.services.sqs.AmazonSQSClient.doInvoke(AmazonSQSClient.java:2013)
	at com.amazonaws.services.sqs.AmazonSQSClient.invoke(AmazonSQSClient.java:1989)
	at com.amazonaws.services.sqs.AmazonSQSClient.executeReceiveMessage(AmazonSQSClient.java:1471)
	at com.amazonaws.services.sqs.AmazonSQSClient.receiveMessage(AmazonSQSClient.java:1447)
	at com.amazon.sqs.javamessaging.AmazonSQSMessagingClientWrapper.receiveMessage(AmazonSQSMessagingClientWrapper.java:337)
	at com.amazon.sqs.javamessaging.SQSMessageConsumerPrefetch.getMessages(SQSMessageConsumerPrefetch.java:248)
	at com.amazon.sqs.javamessaging.SQSMessageConsumerPrefetch.run(SQSMessageConsumerPrefetch.java:207)
	at java.util.concurrent.ThreadPoolExecutor.runWorker(ThreadPoolExecutor.java:1142)
	at java.util.concurrent.ThreadPoolExecutor$Worker.run(ThreadPoolExecutor.java:617)
	at java.lang.Thread.run(Thread.java:745)
Caused by: java.net.UnknownHostException: sqs.ap-south-1.amazonaws.com
	at java.net.InetAddress.getAllByName0(InetAddress.java:1280)
	at java.net.InetAddress.getAllByName(InetAddress.java:1192)
	at java.net.InetAddress.getAllByName(InetAddress.java:1126)
	at com.amazonaws.SystemDefaultDnsResolver.resolve(SystemDefaultDnsResolver.java:27)
	at com.amazonaws.http.DelegatingDnsResolver.resolve(DelegatingDnsResolver.java:38)
	at org.apache.http.impl.conn.DefaultHttpClientConnectionOperator.connect(DefaultHttpClientConnectionOperator.java:112)
	at org.apache.http.impl.conn.PoolingHttpClientConnectionManager.connect(PoolingHttpClientConnectionManager.java:359)
	at sun.reflect.GeneratedMethodAccessor54.invoke(Unknown Source)
	at sun.reflect.DelegatingMethodAccessorImpl.invoke(DelegatingMethodAccessorImpl.java:43)
	at java.lang.reflect.Method.invoke(Method.java:497)
	at com.amazonaws.http.conn.ClientConnectionManagerFactory$Handler.invoke(ClientConnectionManagerFactory.java:76)
	at com.amazonaws.http.conn.$Proxy104.connect(Unknown Source)
	at org.apache.http.impl.execchain.MainClientExec.establishRoute(MainClientExec.java:381)
	at org.apache.http.impl.execchain.MainClientExec.execute(MainClientExec.java:237)
	at org.apache.http.impl.execchain.ProtocolExec.execute(ProtocolExec.java:185)
	at org.apache.http.impl.client.InternalHttpClient.doExecute(InternalHttpClient.java:185)
	at org.apache.http.impl.client.CloseableHttpClient.execute(CloseableHttpClient.java:83)
	at org.apache.http.impl.client.CloseableHttpClient.execute(CloseableHttpClient.java:56)
	at com.amazonaws.http.apache.client.impl.SdkHttpClient.execute(SdkHttpClient.java:72)
	at com.amazonaws.http.AmazonHttpClient$RequestExecutor.executeOneRequest(AmazonHttpClient.java:1236)
	at com.amazonaws.http.AmazonHttpClient$RequestExecutor.executeHelper(AmazonHttpClient.java:1056)
	... 16 more
2017-11-20 08:13:39.826  WARN Manishs-MacBook-Pro.local --- [refetchThread-3] c.a.s.j.SQSMessageConsumerPrefetch       : Encountered exception during receive in ConsumerPrefetch thread
javax.jms.JMSException: AmazonClientException: receiveMessage.
	at com.amazon.sqs.javamessaging.AmazonSQSMessagingClientWrapper.handleException(AmazonSQSMessagingClientWrapper.java:422)
	at com.amazon.sqs.javamessaging.AmazonSQSMessagingClientWrapper.receiveMessage(AmazonSQSMessagingClientWrapper.java:339)
	at com.amazon.sqs.javamessaging.SQSMessageConsumerPrefetch.getMessages(SQSMessageConsumerPrefetch.java:248)
	at com.amazon.sqs.javamessaging.SQSMessageConsumerPrefetch.run(SQSMessageConsumerPrefetch.java:207)
	at java.util.concurrent.ThreadPoolExecutor.runWorker(ThreadPoolExecutor.java:1142)
	at java.util.concurrent.ThreadPoolExecutor$Worker.run(ThreadPoolExecutor.java:617)
	at java.lang.Thread.run(Thread.java:745)
Caused by: com.amazonaws.SdkClientException: Unable to execute HTTP request: sqs.ap-south-1.amazonaws.com
	at com.amazonaws.http.AmazonHttpClient$RequestExecutor.handleRetryableException(AmazonHttpClient.java:1114)
	at com.amazonaws.http.AmazonHttpClient$RequestExecutor.executeHelper(AmazonHttpClient.java:1064)
	at com.amazonaws.http.AmazonHttpClient$RequestExecutor.doExecute(AmazonHttpClient.java:743)
	at com.amazonaws.http.AmazonHttpClient$RequestExecutor.executeWithTimer(AmazonHttpClient.java:717)
	at com.amazonaws.http.AmazonHttpClient$RequestExecutor.execute(AmazonHttpClient.java:699)
	at com.amazonaws.http.AmazonHttpClient$RequestExecutor.access$500(AmazonHttpClient.java:667)
	at com.amazonaws.http.AmazonHttpClient$RequestExecutionBuilderImpl.execute(AmazonHttpClient.java:649)
	at com.amazonaws.http.AmazonHttpClient.execute(AmazonHttpClient.java:513)
	at com.amazonaws.services.sqs.AmazonSQSClient.doInvoke(AmazonSQSClient.java:2013)
	at com.amazonaws.services.sqs.AmazonSQSClient.invoke(AmazonSQSClient.java:1989)
	at com.amazonaws.services.sqs.AmazonSQSClient.executeReceiveMessage(AmazonSQSClient.java:1471)
	at com.amazonaws.services.sqs.AmazonSQSClient.receiveMessage(AmazonSQSClient.java:1447)
	at com.amazon.sqs.javamessaging.AmazonSQSMessagingClientWrapper.receiveMessage(AmazonSQSMessagingClientWrapper.java:337)
	... 5 more
Caused by: java.net.UnknownHostException: sqs.ap-south-1.amazonaws.com
	at java.net.InetAddress.getAllByName0(InetAddress.java:1280)
	at java.net.InetAddress.getAllByName(InetAddress.java:1192)
	at java.net.InetAddress.getAllByName(InetAddress.java:1126)
	at com.amazonaws.SystemDefaultDnsResolver.resolve(SystemDefaultDnsResolver.java:27)
	at com.amazonaws.http.DelegatingDnsResolver.resolve(DelegatingDnsResolver.java:38)
	at org.apache.http.impl.conn.DefaultHttpClientConnectionOperator.connect(DefaultHttpClientConnectionOperator.java:112)
	at org.apache.http.impl.conn.PoolingHttpClientConnectionManager.connect(PoolingHttpClientConnectionManager.java:359)
	at sun.reflect.GeneratedMethodAccessor54.invoke(Unknown Source)
	at sun.reflect.DelegatingMethodAccessorImpl.invoke(DelegatingMethodAccessorImpl.java:43)
	at java.lang.reflect.Method.invoke(Method.java:497)
	at com.amazonaws.http.conn.ClientConnectionManagerFactory$Handler.invoke(ClientConnectionManagerFactory.java:76)
	at com.amazonaws.http.conn.$Proxy104.connect(Unknown Source)
	at org.apache.http.impl.execchain.MainClientExec.establishRoute(MainClientExec.java:381)
	at org.apache.http.impl.execchain.MainClientExec.execute(MainClientExec.java:237)
	at org.apache.http.impl.execchain.ProtocolExec.execute(ProtocolExec.java:185)
	at org.apache.http.impl.client.InternalHttpClient.doExecute(InternalHttpClient.java:185)
	at org.apache.http.impl.client.CloseableHttpClient.execute(CloseableHttpClient.java:83)
	at org.apache.http.impl.client.CloseableHttpClient.execute(CloseableHttpClient.java:56)
	at com.amazonaws.http.apache.client.impl.SdkHttpClient.execute(SdkHttpClient.java:72)
	at com.amazonaws.http.AmazonHttpClient$RequestExecutor.executeOneRequest(AmazonHttpClient.java:1236)
	at com.amazonaws.http.AmazonHttpClient$RequestExecutor.executeHelper(AmazonHttpClient.java:1056)
	... 16 more
2017-11-20 08:13:40.455 ERROR Manishs-MacBook-Pro.local --- [refetchThread-3] c.a.s.j.AmazonSQSMessagingClientWrapper  : AmazonClientException: receiveMessage.
com.amazonaws.SdkClientException: Unable to execute HTTP request: sqs.ap-south-1.amazonaws.com
	at com.amazonaws.http.AmazonHttpClient$RequestExecutor.handleRetryableException(AmazonHttpClient.java:1114)
	at com.amazonaws.http.AmazonHttpClient$RequestExecutor.executeHelper(AmazonHttpClient.java:1064)
	at com.amazonaws.http.AmazonHttpClient$RequestExecutor.doExecute(AmazonHttpClient.java:743)
	at com.amazonaws.http.AmazonHttpClient$RequestExecutor.executeWithTimer(AmazonHttpClient.java:717)
	at com.amazonaws.http.AmazonHttpClient$RequestExecutor.execute(AmazonHttpClient.java:699)
	at com.amazonaws.http.AmazonHttpClient$RequestExecutor.access$500(AmazonHttpClient.java:667)
	at com.amazonaws.http.AmazonHttpClient$RequestExecutionBuilderImpl.execute(AmazonHttpClient.java:649)
	at com.amazonaws.http.AmazonHttpClient.execute(AmazonHttpClient.java:513)
	at com.amazonaws.services.sqs.AmazonSQSClient.doInvoke(AmazonSQSClient.java:2013)
	at com.amazonaws.services.sqs.AmazonSQSClient.invoke(AmazonSQSClient.java:1989)
	at com.amazonaws.services.sqs.AmazonSQSClient.executeReceiveMessage(AmazonSQSClient.java:1471)
	at com.amazonaws.services.sqs.AmazonSQSClient.receiveMessage(AmazonSQSClient.java:1447)
	at com.amazon.sqs.javamessaging.AmazonSQSMessagingClientWrapper.receiveMessage(AmazonSQSMessagingClientWrapper.java:337)
	at com.amazon.sqs.javamessaging.SQSMessageConsumerPrefetch.getMessages(SQSMessageConsumerPrefetch.java:248)
	at com.amazon.sqs.javamessaging.SQSMessageConsumerPrefetch.run(SQSMessageConsumerPrefetch.java:207)
	at java.util.concurrent.ThreadPoolExecutor.runWorker(ThreadPoolExecutor.java:1142)
	at java.util.concurrent.ThreadPoolExecutor$Worker.run(ThreadPoolExecutor.java:617)
	at java.lang.Thread.run(Thread.java:745)
Caused by: java.net.UnknownHostException: sqs.ap-south-1.amazonaws.com
	at java.net.InetAddress.getAllByName0(InetAddress.java:1280)
	at java.net.InetAddress.getAllByName(InetAddress.java:1192)
	at java.net.InetAddress.getAllByName(InetAddress.java:1126)
	at com.amazonaws.SystemDefaultDnsResolver.resolve(SystemDefaultDnsResolver.java:27)
	at com.amazonaws.http.DelegatingDnsResolver.resolve(DelegatingDnsResolver.java:38)
	at org.apache.http.impl.conn.DefaultHttpClientConnectionOperator.connect(DefaultHttpClientConnectionOperator.java:112)
	at org.apache.http.impl.conn.PoolingHttpClientConnectionManager.connect(PoolingHttpClientConnectionManager.java:359)
	at sun.reflect.GeneratedMethodAccessor54.invoke(Unknown Source)
	at sun.reflect.DelegatingMethodAccessorImpl.invoke(DelegatingMethodAccessorImpl.java:43)
	at java.lang.reflect.Method.invoke(Method.java:497)
	at com.amazonaws.http.conn.ClientConnectionManagerFactory$Handler.invoke(ClientConnectionManagerFactory.java:76)
	at com.amazonaws.http.conn.$Proxy104.connect(Unknown Source)
	at org.apache.http.impl.execchain.MainClientExec.establishRoute(MainClientExec.java:381)
	at org.apache.http.impl.execchain.MainClientExec.execute(MainClientExec.java:237)
	at org.apache.http.impl.execchain.ProtocolExec.execute(ProtocolExec.java:185)
	at org.apache.http.impl.client.InternalHttpClient.doExecute(InternalHttpClient.java:185)
	at org.apache.http.impl.client.CloseableHttpClient.execute(CloseableHttpClient.java:83)
	at org.apache.http.impl.client.CloseableHttpClient.execute(CloseableHttpClient.java:56)
	at com.amazonaws.http.apache.client.impl.SdkHttpClient.execute(SdkHttpClient.java:72)
	at com.amazonaws.http.AmazonHttpClient$RequestExecutor.executeOneRequest(AmazonHttpClient.java:1236)
	at com.amazonaws.http.AmazonHttpClient$RequestExecutor.executeHelper(AmazonHttpClient.java:1056)
	... 16 more
2017-11-20 08:13:40.458  WARN Manishs-MacBook-Pro.local --- [refetchThread-3] c.a.s.j.SQSMessageConsumerPrefetch       : Encountered exception during receive in ConsumerPrefetch thread
javax.jms.JMSException: AmazonClientException: receiveMessage.
	at com.amazon.sqs.javamessaging.AmazonSQSMessagingClientWrapper.handleException(AmazonSQSMessagingClientWrapper.java:422)
	at com.amazon.sqs.javamessaging.AmazonSQSMessagingClientWrapper.receiveMessage(AmazonSQSMessagingClientWrapper.java:339)
	at com.amazon.sqs.javamessaging.SQSMessageConsumerPrefetch.getMessages(SQSMessageConsumerPrefetch.java:248)
	at com.amazon.sqs.javamessaging.SQSMessageConsumerPrefetch.run(SQSMessageConsumerPrefetch.java:207)
	at java.util.concurrent.ThreadPoolExecutor.runWorker(ThreadPoolExecutor.java:1142)
	at java.util.concurrent.ThreadPoolExecutor$Worker.run(ThreadPoolExecutor.java:617)
	at java.lang.Thread.run(Thread.java:745)
Caused by: com.amazonaws.SdkClientException: Unable to execute HTTP request: sqs.ap-south-1.amazonaws.com
	at com.amazonaws.http.AmazonHttpClient$RequestExecutor.handleRetryableException(AmazonHttpClient.java:1114)
	at com.amazonaws.http.AmazonHttpClient$RequestExecutor.executeHelper(AmazonHttpClient.java:1064)
	at com.amazonaws.http.AmazonHttpClient$RequestExecutor.doExecute(AmazonHttpClient.java:743)
	at com.amazonaws.http.AmazonHttpClient$RequestExecutor.executeWithTimer(AmazonHttpClient.java:717)
	at com.amazonaws.http.AmazonHttpClient$RequestExecutor.execute(AmazonHttpClient.java:699)
	at com.amazonaws.http.AmazonHttpClient$RequestExecutor.access$500(AmazonHttpClient.java:667)
	at com.amazonaws.http.AmazonHttpClient$RequestExecutionBuilderImpl.execute(AmazonHttpClient.java:649)
	at com.amazonaws.http.AmazonHttpClient.execute(AmazonHttpClient.java:513)
	at com.amazonaws.services.sqs.AmazonSQSClient.doInvoke(AmazonSQSClient.java:2013)
	at com.amazonaws.services.sqs.AmazonSQSClient.invoke(AmazonSQSClient.java:1989)
	at com.amazonaws.services.sqs.AmazonSQSClient.executeReceiveMessage(AmazonSQSClient.java:1471)
	at com.amazonaws.services.sqs.AmazonSQSClient.receiveMessage(AmazonSQSClient.java:1447)
	at com.amazon.sqs.javamessaging.AmazonSQSMessagingClientWrapper.receiveMessage(AmazonSQSMessagingClientWrapper.java:337)
	... 5 more
Caused by: java.net.UnknownHostException: sqs.ap-south-1.amazonaws.com
	at java.net.InetAddress.getAllByName0(InetAddress.java:1280)
	at java.net.InetAddress.getAllByName(InetAddress.java:1192)
	at java.net.InetAddress.getAllByName(InetAddress.java:1126)
	at com.amazonaws.SystemDefaultDnsResolver.resolve(SystemDefaultDnsResolver.java:27)
	at com.amazonaws.http.DelegatingDnsResolver.resolve(DelegatingDnsResolver.java:38)
	at org.apache.http.impl.conn.DefaultHttpClientConnectionOperator.connect(DefaultHttpClientConnectionOperator.java:112)
	at org.apache.http.impl.conn.PoolingHttpClientConnectionManager.connect(PoolingHttpClientConnectionManager.java:359)
	at sun.reflect.GeneratedMethodAccessor54.invoke(Unknown Source)
	at sun.reflect.DelegatingMethodAccessorImpl.invoke(DelegatingMethodAccessorImpl.java:43)
	at java.lang.reflect.Method.invoke(Method.java:497)
	at com.amazonaws.http.conn.ClientConnectionManagerFactory$Handler.invoke(ClientConnectionManagerFactory.java:76)
	at com.amazonaws.http.conn.$Proxy104.connect(Unknown Source)
	at org.apache.http.impl.execchain.MainClientExec.establishRoute(MainClientExec.java:381)
	at org.apache.http.impl.execchain.MainClientExec.execute(MainClientExec.java:237)
	at org.apache.http.impl.execchain.ProtocolExec.execute(ProtocolExec.java:185)
	at org.apache.http.impl.client.InternalHttpClient.doExecute(InternalHttpClient.java:185)
	at org.apache.http.impl.client.CloseableHttpClient.execute(CloseableHttpClient.java:83)
	at org.apache.http.impl.client.CloseableHttpClient.execute(CloseableHttpClient.java:56)
	at com.amazonaws.http.apache.client.impl.SdkHttpClient.execute(SdkHttpClient.java:72)
	at com.amazonaws.http.AmazonHttpClient$RequestExecutor.executeOneRequest(AmazonHttpClient.java:1236)
	at com.amazonaws.http.AmazonHttpClient$RequestExecutor.executeHelper(AmazonHttpClient.java:1056)
	... 16 more
2017-11-20 08:13:41.348 ERROR Manishs-MacBook-Pro.local --- [refetchThread-3] c.a.s.j.AmazonSQSMessagingClientWrapper  : AmazonClientException: receiveMessage.
com.amazonaws.SdkClientException: Unable to execute HTTP request: sqs.ap-south-1.amazonaws.com
	at com.amazonaws.http.AmazonHttpClient$RequestExecutor.handleRetryableException(AmazonHttpClient.java:1114)
	at com.amazonaws.http.AmazonHttpClient$RequestExecutor.executeHelper(AmazonHttpClient.java:1064)
	at com.amazonaws.http.AmazonHttpClient$RequestExecutor.doExecute(AmazonHttpClient.java:743)
	at com.amazonaws.http.AmazonHttpClient$RequestExecutor.executeWithTimer(AmazonHttpClient.java:717)
	at com.amazonaws.http.AmazonHttpClient$RequestExecutor.execute(AmazonHttpClient.java:699)
	at com.amazonaws.http.AmazonHttpClient$RequestExecutor.access$500(AmazonHttpClient.java:667)
	at com.amazonaws.http.AmazonHttpClient$RequestExecutionBuilderImpl.execute(AmazonHttpClient.java:649)
	at com.amazonaws.http.AmazonHttpClient.execute(AmazonHttpClient.java:513)
	at com.amazonaws.services.sqs.AmazonSQSClient.doInvoke(AmazonSQSClient.java:2013)
	at com.amazonaws.services.sqs.AmazonSQSClient.invoke(AmazonSQSClient.java:1989)
	at com.amazonaws.services.sqs.AmazonSQSClient.executeReceiveMessage(AmazonSQSClient.java:1471)
	at com.amazonaws.services.sqs.AmazonSQSClient.receiveMessage(AmazonSQSClient.java:1447)
	at com.amazon.sqs.javamessaging.AmazonSQSMessagingClientWrapper.receiveMessage(AmazonSQSMessagingClientWrapper.java:337)
	at com.amazon.sqs.javamessaging.SQSMessageConsumerPrefetch.getMessages(SQSMessageConsumerPrefetch.java:248)
	at com.amazon.sqs.javamessaging.SQSMessageConsumerPrefetch.run(SQSMessageConsumerPrefetch.java:207)
	at java.util.concurrent.ThreadPoolExecutor.runWorker(ThreadPoolExecutor.java:1142)
	at java.util.concurrent.ThreadPoolExecutor$Worker.run(ThreadPoolExecutor.java:617)
	at java.lang.Thread.run(Thread.java:745)
Caused by: java.net.UnknownHostException: sqs.ap-south-1.amazonaws.com
	at java.net.InetAddress.getAllByName0(InetAddress.java:1280)
	at java.net.InetAddress.getAllByName(InetAddress.java:1192)
	at java.net.InetAddress.getAllByName(InetAddress.java:1126)
	at com.amazonaws.SystemDefaultDnsResolver.resolve(SystemDefaultDnsResolver.java:27)
	at com.amazonaws.http.DelegatingDnsResolver.resolve(DelegatingDnsResolver.java:38)
	at org.apache.http.impl.conn.DefaultHttpClientConnectionOperator.connect(DefaultHttpClientConnectionOperator.java:112)
	at org.apache.http.impl.conn.PoolingHttpClientConnectionManager.connect(PoolingHttpClientConnectionManager.java:359)
	at sun.reflect.GeneratedMethodAccessor54.invoke(Unknown Source)
	at sun.reflect.DelegatingMethodAccessorImpl.invoke(DelegatingMethodAccessorImpl.java:43)
	at java.lang.reflect.Method.invoke(Method.java:497)
	at com.amazonaws.http.conn.ClientConnectionManagerFactory$Handler.invoke(ClientConnectionManagerFactory.java:76)
	at com.amazonaws.http.conn.$Proxy104.connect(Unknown Source)
	at org.apache.http.impl.execchain.MainClientExec.establishRoute(MainClientExec.java:381)
	at org.apache.http.impl.execchain.MainClientExec.execute(MainClientExec.java:237)
	at org.apache.http.impl.execchain.ProtocolExec.execute(ProtocolExec.java:185)
	at org.apache.http.impl.client.InternalHttpClient.doExecute(InternalHttpClient.java:185)
	at org.apache.http.impl.client.CloseableHttpClient.execute(CloseableHttpClient.java:83)
	at org.apache.http.impl.client.CloseableHttpClient.execute(CloseableHttpClient.java:56)
	at com.amazonaws.http.apache.client.impl.SdkHttpClient.execute(SdkHttpClient.java:72)
	at com.amazonaws.http.AmazonHttpClient$RequestExecutor.executeOneRequest(AmazonHttpClient.java:1236)
	at com.amazonaws.http.AmazonHttpClient$RequestExecutor.executeHelper(AmazonHttpClient.java:1056)
	... 16 more
2017-11-20 08:13:41.350  WARN Manishs-MacBook-Pro.local --- [refetchThread-3] c.a.s.j.SQSMessageConsumerPrefetch       : Encountered exception during receive in ConsumerPrefetch thread
javax.jms.JMSException: AmazonClientException: receiveMessage.
	at com.amazon.sqs.javamessaging.AmazonSQSMessagingClientWrapper.handleException(AmazonSQSMessagingClientWrapper.java:422)
	at com.amazon.sqs.javamessaging.AmazonSQSMessagingClientWrapper.receiveMessage(AmazonSQSMessagingClientWrapper.java:339)
	at com.amazon.sqs.javamessaging.SQSMessageConsumerPrefetch.getMessages(SQSMessageConsumerPrefetch.java:248)
	at com.amazon.sqs.javamessaging.SQSMessageConsumerPrefetch.run(SQSMessageConsumerPrefetch.java:207)
	at java.util.concurrent.ThreadPoolExecutor.runWorker(ThreadPoolExecutor.java:1142)
	at java.util.concurrent.ThreadPoolExecutor$Worker.run(ThreadPoolExecutor.java:617)
	at java.lang.Thread.run(Thread.java:745)
Caused by: com.amazonaws.SdkClientException: Unable to execute HTTP request: sqs.ap-south-1.amazonaws.com
	at com.amazonaws.http.AmazonHttpClient$RequestExecutor.handleRetryableException(AmazonHttpClient.java:1114)
	at com.amazonaws.http.AmazonHttpClient$RequestExecutor.executeHelper(AmazonHttpClient.java:1064)
	at com.amazonaws.http.AmazonHttpClient$RequestExecutor.doExecute(AmazonHttpClient.java:743)
	at com.amazonaws.http.AmazonHttpClient$RequestExecutor.executeWithTimer(AmazonHttpClient.java:717)
	at com.amazonaws.http.AmazonHttpClient$RequestExecutor.execute(AmazonHttpClient.java:699)
	at com.amazonaws.http.AmazonHttpClient$RequestExecutor.access$500(AmazonHttpClient.java:667)
	at com.amazonaws.http.AmazonHttpClient$RequestExecutionBuilderImpl.execute(AmazonHttpClient.java:649)
	at com.amazonaws.http.AmazonHttpClient.execute(AmazonHttpClient.java:513)
	at com.amazonaws.services.sqs.AmazonSQSClient.doInvoke(AmazonSQSClient.java:2013)
	at com.amazonaws.services.sqs.AmazonSQSClient.invoke(AmazonSQSClient.java:1989)
	at com.amazonaws.services.sqs.AmazonSQSClient.executeReceiveMessage(AmazonSQSClient.java:1471)
	at com.amazonaws.services.sqs.AmazonSQSClient.receiveMessage(AmazonSQSClient.java:1447)
	at com.amazon.sqs.javamessaging.AmazonSQSMessagingClientWrapper.receiveMessage(AmazonSQSMessagingClientWrapper.java:337)
	... 5 more
Caused by: java.net.UnknownHostException: sqs.ap-south-1.amazonaws.com
	at java.net.InetAddress.getAllByName0(InetAddress.java:1280)
	at java.net.InetAddress.getAllByName(InetAddress.java:1192)
	at java.net.InetAddress.getAllByName(InetAddress.java:1126)
	at com.amazonaws.SystemDefaultDnsResolver.resolve(SystemDefaultDnsResolver.java:27)
	at com.amazonaws.http.DelegatingDnsResolver.resolve(DelegatingDnsResolver.java:38)
	at org.apache.http.impl.conn.DefaultHttpClientConnectionOperator.connect(DefaultHttpClientConnectionOperator.java:112)
	at org.apache.http.impl.conn.PoolingHttpClientConnectionManager.connect(PoolingHttpClientConnectionManager.java:359)
	at sun.reflect.GeneratedMethodAccessor54.invoke(Unknown Source)
	at sun.reflect.DelegatingMethodAccessorImpl.invoke(DelegatingMethodAccessorImpl.java:43)
	at java.lang.reflect.Method.invoke(Method.java:497)
	at com.amazonaws.http.conn.ClientConnectionManagerFactory$Handler.invoke(ClientConnectionManagerFactory.java:76)
	at com.amazonaws.http.conn.$Proxy104.connect(Unknown Source)
	at org.apache.http.impl.execchain.MainClientExec.establishRoute(MainClientExec.java:381)
	at org.apache.http.impl.execchain.MainClientExec.execute(MainClientExec.java:237)
	at org.apache.http.impl.execchain.ProtocolExec.execute(ProtocolExec.java:185)
	at org.apache.http.impl.client.InternalHttpClient.doExecute(InternalHttpClient.java:185)
	at org.apache.http.impl.client.CloseableHttpClient.execute(CloseableHttpClient.java:83)
	at org.apache.http.impl.client.CloseableHttpClient.execute(CloseableHttpClient.java:56)
	at com.amazonaws.http.apache.client.impl.SdkHttpClient.execute(SdkHttpClient.java:72)
	at com.amazonaws.http.AmazonHttpClient$RequestExecutor.executeOneRequest(AmazonHttpClient.java:1236)
	at com.amazonaws.http.AmazonHttpClient$RequestExecutor.executeHelper(AmazonHttpClient.java:1056)
	... 16 more
2017-11-20 08:13:42.253 ERROR Manishs-MacBook-Pro.local --- [refetchThread-3] c.a.s.j.AmazonSQSMessagingClientWrapper  : AmazonClientException: receiveMessage.
com.amazonaws.SdkClientException: Unable to execute HTTP request: sqs.ap-south-1.amazonaws.com
	at com.amazonaws.http.AmazonHttpClient$RequestExecutor.handleRetryableException(AmazonHttpClient.java:1114)
	at com.amazonaws.http.AmazonHttpClient$RequestExecutor.executeHelper(AmazonHttpClient.java:1064)
	at com.amazonaws.http.AmazonHttpClient$RequestExecutor.doExecute(AmazonHttpClient.java:743)
	at com.amazonaws.http.AmazonHttpClient$RequestExecutor.executeWithTimer(AmazonHttpClient.java:717)
	at com.amazonaws.http.AmazonHttpClient$RequestExecutor.execute(AmazonHttpClient.java:699)
	at com.amazonaws.http.AmazonHttpClient$RequestExecutor.access$500(AmazonHttpClient.java:667)
	at com.amazonaws.http.AmazonHttpClient$RequestExecutionBuilderImpl.execute(AmazonHttpClient.java:649)
	at com.amazonaws.http.AmazonHttpClient.execute(AmazonHttpClient.java:513)
	at com.amazonaws.services.sqs.AmazonSQSClient.doInvoke(AmazonSQSClient.java:2013)
	at com.amazonaws.services.sqs.AmazonSQSClient.invoke(AmazonSQSClient.java:1989)
	at com.amazonaws.services.sqs.AmazonSQSClient.executeReceiveMessage(AmazonSQSClient.java:1471)
	at com.amazonaws.services.sqs.AmazonSQSClient.receiveMessage(AmazonSQSClient.java:1447)
	at com.amazon.sqs.javamessaging.AmazonSQSMessagingClientWrapper.receiveMessage(AmazonSQSMessagingClientWrapper.java:337)
	at com.amazon.sqs.javamessaging.SQSMessageConsumerPrefetch.getMessages(SQSMessageConsumerPrefetch.java:248)
	at com.amazon.sqs.javamessaging.SQSMessageConsumerPrefetch.run(SQSMessageConsumerPrefetch.java:207)
	at java.util.concurrent.ThreadPoolExecutor.runWorker(ThreadPoolExecutor.java:1142)
	at java.util.concurrent.ThreadPoolExecutor$Worker.run(ThreadPoolExecutor.java:617)
	at java.lang.Thread.run(Thread.java:745)
Caused by: java.net.UnknownHostException: sqs.ap-south-1.amazonaws.com
	at java.net.InetAddress.getAllByName0(InetAddress.java:1280)
	at java.net.InetAddress.getAllByName(InetAddress.java:1192)
	at java.net.InetAddress.getAllByName(InetAddress.java:1126)
	at com.amazonaws.SystemDefaultDnsResolver.resolve(SystemDefaultDnsResolver.java:27)
	at com.amazonaws.http.DelegatingDnsResolver.resolve(DelegatingDnsResolver.java:38)
	at org.apache.http.impl.conn.DefaultHttpClientConnectionOperator.connect(DefaultHttpClientConnectionOperator.java:112)
	at org.apache.http.impl.conn.PoolingHttpClientConnectionManager.connect(PoolingHttpClientConnectionManager.java:359)
	at sun.reflect.GeneratedMethodAccessor54.invoke(Unknown Source)
	at sun.reflect.DelegatingMethodAccessorImpl.invoke(DelegatingMethodAccessorImpl.java:43)
	at java.lang.reflect.Method.invoke(Method.java:497)
	at com.amazonaws.http.conn.ClientConnectionManagerFactory$Handler.invoke(ClientConnectionManagerFactory.java:76)
	at com.amazonaws.http.conn.$Proxy104.connect(Unknown Source)
	at org.apache.http.impl.execchain.MainClientExec.establishRoute(MainClientExec.java:381)
	at org.apache.http.impl.execchain.MainClientExec.execute(MainClientExec.java:237)
	at org.apache.http.impl.execchain.ProtocolExec.execute(ProtocolExec.java:185)
	at org.apache.http.impl.client.InternalHttpClient.doExecute(InternalHttpClient.java:185)
	at org.apache.http.impl.client.CloseableHttpClient.execute(CloseableHttpClient.java:83)
	at org.apache.http.impl.client.CloseableHttpClient.execute(CloseableHttpClient.java:56)
	at com.amazonaws.http.apache.client.impl.SdkHttpClient.execute(SdkHttpClient.java:72)
	at com.amazonaws.http.AmazonHttpClient$RequestExecutor.executeOneRequest(AmazonHttpClient.java:1236)
	at com.amazonaws.http.AmazonHttpClient$RequestExecutor.executeHelper(AmazonHttpClient.java:1056)
	... 16 more
2017-11-20 08:13:42.255  WARN Manishs-MacBook-Pro.local --- [refetchThread-3] c.a.s.j.SQSMessageConsumerPrefetch       : Encountered exception during receive in ConsumerPrefetch thread
javax.jms.JMSException: AmazonClientException: receiveMessage.
	at com.amazon.sqs.javamessaging.AmazonSQSMessagingClientWrapper.handleException(AmazonSQSMessagingClientWrapper.java:422)
	at com.amazon.sqs.javamessaging.AmazonSQSMessagingClientWrapper.receiveMessage(AmazonSQSMessagingClientWrapper.java:339)
	at com.amazon.sqs.javamessaging.SQSMessageConsumerPrefetch.getMessages(SQSMessageConsumerPrefetch.java:248)
	at com.amazon.sqs.javamessaging.SQSMessageConsumerPrefetch.run(SQSMessageConsumerPrefetch.java:207)
	at java.util.concurrent.ThreadPoolExecutor.runWorker(ThreadPoolExecutor.java:1142)
	at java.util.concurrent.ThreadPoolExecutor$Worker.run(ThreadPoolExecutor.java:617)
	at java.lang.Thread.run(Thread.java:745)
Caused by: com.amazonaws.SdkClientException: Unable to execute HTTP request: sqs.ap-south-1.amazonaws.com
	at com.amazonaws.http.AmazonHttpClient$RequestExecutor.handleRetryableException(AmazonHttpClient.java:1114)
	at com.amazonaws.http.AmazonHttpClient$RequestExecutor.executeHelper(AmazonHttpClient.java:1064)
	at com.amazonaws.http.AmazonHttpClient$RequestExecutor.doExecute(AmazonHttpClient.java:743)
	at com.amazonaws.http.AmazonHttpClient$RequestExecutor.executeWithTimer(AmazonHttpClient.java:717)
	at com.amazonaws.http.AmazonHttpClient$RequestExecutor.execute(AmazonHttpClient.java:699)
	at com.amazonaws.http.AmazonHttpClient$RequestExecutor.access$500(AmazonHttpClient.java:667)
	at com.amazonaws.http.AmazonHttpClient$RequestExecutionBuilderImpl.execute(AmazonHttpClient.java:649)
	at com.amazonaws.http.AmazonHttpClient.execute(AmazonHttpClient.java:513)
	at com.amazonaws.services.sqs.AmazonSQSClient.doInvoke(AmazonSQSClient.java:2013)
	at com.amazonaws.services.sqs.AmazonSQSClient.invoke(AmazonSQSClient.java:1989)
	at com.amazonaws.services.sqs.AmazonSQSClient.executeReceiveMessage(AmazonSQSClient.java:1471)
	at com.amazonaws.services.sqs.AmazonSQSClient.receiveMessage(AmazonSQSClient.java:1447)
	at com.amazon.sqs.javamessaging.AmazonSQSMessagingClientWrapper.receiveMessage(AmazonSQSMessagingClientWrapper.java:337)
	... 5 more
Caused by: java.net.UnknownHostException: sqs.ap-south-1.amazonaws.com
	at java.net.InetAddress.getAllByName0(InetAddress.java:1280)
	at java.net.InetAddress.getAllByName(InetAddress.java:1192)
	at java.net.InetAddress.getAllByName(InetAddress.java:1126)
	at com.amazonaws.SystemDefaultDnsResolver.resolve(SystemDefaultDnsResolver.java:27)
	at com.amazonaws.http.DelegatingDnsResolver.resolve(DelegatingDnsResolver.java:38)
	at org.apache.http.impl.conn.DefaultHttpClientConnectionOperator.connect(DefaultHttpClientConnectionOperator.java:112)
	at org.apache.http.impl.conn.PoolingHttpClientConnectionManager.connect(PoolingHttpClientConnectionManager.java:359)
	at sun.reflect.GeneratedMethodAccessor54.invoke(Unknown Source)
	at sun.reflect.DelegatingMethodAccessorImpl.invoke(DelegatingMethodAccessorImpl.java:43)
	at java.lang.reflect.Method.invoke(Method.java:497)
	at com.amazonaws.http.conn.ClientConnectionManagerFactory$Handler.invoke(ClientConnectionManagerFactory.java:76)
	at com.amazonaws.http.conn.$Proxy104.connect(Unknown Source)
	at org.apache.http.impl.execchain.MainClientExec.establishRoute(MainClientExec.java:381)
	at org.apache.http.impl.execchain.MainClientExec.execute(MainClientExec.java:237)
	at org.apache.http.impl.execchain.ProtocolExec.execute(ProtocolExec.java:185)
	at org.apache.http.impl.client.InternalHttpClient.doExecute(InternalHttpClient.java:185)
	at org.apache.http.impl.client.CloseableHttpClient.execute(CloseableHttpClient.java:83)
	at org.apache.http.impl.client.CloseableHttpClient.execute(CloseableHttpClient.java:56)
	at com.amazonaws.http.apache.client.impl.SdkHttpClient.execute(SdkHttpClient.java:72)
	at com.amazonaws.http.AmazonHttpClient$RequestExecutor.executeOneRequest(AmazonHttpClient.java:1236)
	at com.amazonaws.http.AmazonHttpClient$RequestExecutor.executeHelper(AmazonHttpClient.java:1056)
	... 16 more
2017-11-20 08:13:43.317 ERROR Manishs-MacBook-Pro.local --- [refetchThread-3] c.a.s.j.AmazonSQSMessagingClientWrapper  : AmazonClientException: receiveMessage.
com.amazonaws.SdkClientException: Unable to execute HTTP request: sqs.ap-south-1.amazonaws.com
	at com.amazonaws.http.AmazonHttpClient$RequestExecutor.handleRetryableException(AmazonHttpClient.java:1114)
	at com.amazonaws.http.AmazonHttpClient$RequestExecutor.executeHelper(AmazonHttpClient.java:1064)
	at com.amazonaws.http.AmazonHttpClient$RequestExecutor.doExecute(AmazonHttpClient.java:743)
	at com.amazonaws.http.AmazonHttpClient$RequestExecutor.executeWithTimer(AmazonHttpClient.java:717)
	at com.amazonaws.http.AmazonHttpClient$RequestExecutor.execute(AmazonHttpClient.java:699)
	at com.amazonaws.http.AmazonHttpClient$RequestExecutor.access$500(AmazonHttpClient.java:667)
	at com.amazonaws.http.AmazonHttpClient$RequestExecutionBuilderImpl.execute(AmazonHttpClient.java:649)
	at com.amazonaws.http.AmazonHttpClient.execute(AmazonHttpClient.java:513)
	at com.amazonaws.services.sqs.AmazonSQSClient.doInvoke(AmazonSQSClient.java:2013)
	at com.amazonaws.services.sqs.AmazonSQSClient.invoke(AmazonSQSClient.java:1989)
	at com.amazonaws.services.sqs.AmazonSQSClient.executeReceiveMessage(AmazonSQSClient.java:1471)
	at com.amazonaws.services.sqs.AmazonSQSClient.receiveMessage(AmazonSQSClient.java:1447)
	at com.amazon.sqs.javamessaging.AmazonSQSMessagingClientWrapper.receiveMessage(AmazonSQSMessagingClientWrapper.java:337)
	at com.amazon.sqs.javamessaging.SQSMessageConsumerPrefetch.getMessages(SQSMessageConsumerPrefetch.java:248)
	at com.amazon.sqs.javamessaging.SQSMessageConsumerPrefetch.run(SQSMessageConsumerPrefetch.java:207)
	at java.util.concurrent.ThreadPoolExecutor.runWorker(ThreadPoolExecutor.java:1142)
	at java.util.concurrent.ThreadPoolExecutor$Worker.run(ThreadPoolExecutor.java:617)
	at java.lang.Thread.run(Thread.java:745)
Caused by: java.net.UnknownHostException: sqs.ap-south-1.amazonaws.com
	at java.net.InetAddress.getAllByName0(InetAddress.java:1280)
	at java.net.InetAddress.getAllByName(InetAddress.java:1192)
	at java.net.InetAddress.getAllByName(InetAddress.java:1126)
	at com.amazonaws.SystemDefaultDnsResolver.resolve(SystemDefaultDnsResolver.java:27)
	at com.amazonaws.http.DelegatingDnsResolver.resolve(DelegatingDnsResolver.java:38)
	at org.apache.http.impl.conn.DefaultHttpClientConnectionOperator.connect(DefaultHttpClientConnectionOperator.java:112)
	at org.apache.http.impl.conn.PoolingHttpClientConnectionManager.connect(PoolingHttpClientConnectionManager.java:359)
	at sun.reflect.GeneratedMethodAccessor54.invoke(Unknown Source)
	at sun.reflect.DelegatingMethodAccessorImpl.invoke(DelegatingMethodAccessorImpl.java:43)
	at java.lang.reflect.Method.invoke(Method.java:497)
	at com.amazonaws.http.conn.ClientConnectionManagerFactory$Handler.invoke(ClientConnectionManagerFactory.java:76)
	at com.amazonaws.http.conn.$Proxy104.connect(Unknown Source)
	at org.apache.http.impl.execchain.MainClientExec.establishRoute(MainClientExec.java:381)
	at org.apache.http.impl.execchain.MainClientExec.execute(MainClientExec.java:237)
	at org.apache.http.impl.execchain.ProtocolExec.execute(ProtocolExec.java:185)
	at org.apache.http.impl.client.InternalHttpClient.doExecute(InternalHttpClient.java:185)
	at org.apache.http.impl.client.CloseableHttpClient.execute(CloseableHttpClient.java:83)
	at org.apache.http.impl.client.CloseableHttpClient.execute(CloseableHttpClient.java:56)
	at com.amazonaws.http.apache.client.impl.SdkHttpClient.execute(SdkHttpClient.java:72)
	at com.amazonaws.http.AmazonHttpClient$RequestExecutor.executeOneRequest(AmazonHttpClient.java:1236)
	at com.amazonaws.http.AmazonHttpClient$RequestExecutor.executeHelper(AmazonHttpClient.java:1056)
	... 16 more
2017-11-20 08:13:43.319  WARN Manishs-MacBook-Pro.local --- [refetchThread-3] c.a.s.j.SQSMessageConsumerPrefetch       : Encountered exception during receive in ConsumerPrefetch thread
javax.jms.JMSException: AmazonClientException: receiveMessage.
	at com.amazon.sqs.javamessaging.AmazonSQSMessagingClientWrapper.handleException(AmazonSQSMessagingClientWrapper.java:422)
	at com.amazon.sqs.javamessaging.AmazonSQSMessagingClientWrapper.receiveMessage(AmazonSQSMessagingClientWrapper.java:339)
	at com.amazon.sqs.javamessaging.SQSMessageConsumerPrefetch.getMessages(SQSMessageConsumerPrefetch.java:248)
	at com.amazon.sqs.javamessaging.SQSMessageConsumerPrefetch.run(SQSMessageConsumerPrefetch.java:207)
	at java.util.concurrent.ThreadPoolExecutor.runWorker(ThreadPoolExecutor.java:1142)
	at java.util.concurrent.ThreadPoolExecutor$Worker.run(ThreadPoolExecutor.java:617)
	at java.lang.Thread.run(Thread.java:745)
Caused by: com.amazonaws.SdkClientException: Unable to execute HTTP request: sqs.ap-south-1.amazonaws.com
	at com.amazonaws.http.AmazonHttpClient$RequestExecutor.handleRetryableException(AmazonHttpClient.java:1114)
	at com.amazonaws.http.AmazonHttpClient$RequestExecutor.executeHelper(AmazonHttpClient.java:1064)
	at com.amazonaws.http.AmazonHttpClient$RequestExecutor.doExecute(AmazonHttpClient.java:743)
	at com.amazonaws.http.AmazonHttpClient$RequestExecutor.executeWithTimer(AmazonHttpClient.java:717)
	at com.amazonaws.http.AmazonHttpClient$RequestExecutor.execute(AmazonHttpClient.java:699)
	at com.amazonaws.http.AmazonHttpClient$RequestExecutor.access$500(AmazonHttpClient.java:667)
	at com.amazonaws.http.AmazonHttpClient$RequestExecutionBuilderImpl.execute(AmazonHttpClient.java:649)
	at com.amazonaws.http.AmazonHttpClient.execute(AmazonHttpClient.java:513)
	at com.amazonaws.services.sqs.AmazonSQSClient.doInvoke(AmazonSQSClient.java:2013)
	at com.amazonaws.services.sqs.AmazonSQSClient.invoke(AmazonSQSClient.java:1989)
	at com.amazonaws.services.sqs.AmazonSQSClient.executeReceiveMessage(AmazonSQSClient.java:1471)
	at com.amazonaws.services.sqs.AmazonSQSClient.receiveMessage(AmazonSQSClient.java:1447)
	at com.amazon.sqs.javamessaging.AmazonSQSMessagingClientWrapper.receiveMessage(AmazonSQSMessagingClientWrapper.java:337)
	... 5 more
Caused by: java.net.UnknownHostException: sqs.ap-south-1.amazonaws.com
	at java.net.InetAddress.getAllByName0(InetAddress.java:1280)
	at java.net.InetAddress.getAllByName(InetAddress.java:1192)
	at java.net.InetAddress.getAllByName(InetAddress.java:1126)
	at com.amazonaws.SystemDefaultDnsResolver.resolve(SystemDefaultDnsResolver.java:27)
	at com.amazonaws.http.DelegatingDnsResolver.resolve(DelegatingDnsResolver.java:38)
	at org.apache.http.impl.conn.DefaultHttpClientConnectionOperator.connect(DefaultHttpClientConnectionOperator.java:112)
	at org.apache.http.impl.conn.PoolingHttpClientConnectionManager.connect(PoolingHttpClientConnectionManager.java:359)
	at sun.reflect.GeneratedMethodAccessor54.invoke(Unknown Source)
	at sun.reflect.DelegatingMethodAccessorImpl.invoke(DelegatingMethodAccessorImpl.java:43)
	at java.lang.reflect.Method.invoke(Method.java:497)
	at com.amazonaws.http.conn.ClientConnectionManagerFactory$Handler.invoke(ClientConnectionManagerFactory.java:76)
	at com.amazonaws.http.conn.$Proxy104.connect(Unknown Source)
	at org.apache.http.impl.execchain.MainClientExec.establishRoute(MainClientExec.java:381)
	at org.apache.http.impl.execchain.MainClientExec.execute(MainClientExec.java:237)
	at org.apache.http.impl.execchain.ProtocolExec.execute(ProtocolExec.java:185)
	at org.apache.http.impl.client.InternalHttpClient.doExecute(InternalHttpClient.java:185)
	at org.apache.http.impl.client.CloseableHttpClient.execute(CloseableHttpClient.java:83)
	at org.apache.http.impl.client.CloseableHttpClient.execute(CloseableHttpClient.java:56)
	at com.amazonaws.http.apache.client.impl.SdkHttpClient.execute(SdkHttpClient.java:72)
	at com.amazonaws.http.AmazonHttpClient$RequestExecutor.executeOneRequest(AmazonHttpClient.java:1236)
	at com.amazonaws.http.AmazonHttpClient$RequestExecutor.executeHelper(AmazonHttpClient.java:1056)
	... 16 more
2017-11-20 08:13:45.284 ERROR Manishs-MacBook-Pro.local --- [refetchThread-3] c.a.s.j.AmazonSQSMessagingClientWrapper  : AmazonClientException: receiveMessage.
com.amazonaws.SdkClientException: Unable to execute HTTP request: sqs.ap-south-1.amazonaws.com
	at com.amazonaws.http.AmazonHttpClient$RequestExecutor.handleRetryableException(AmazonHttpClient.java:1114)
	at com.amazonaws.http.AmazonHttpClient$RequestExecutor.executeHelper(AmazonHttpClient.java:1064)
	at com.amazonaws.http.AmazonHttpClient$RequestExecutor.doExecute(AmazonHttpClient.java:743)
	at com.amazonaws.http.AmazonHttpClient$RequestExecutor.executeWithTimer(AmazonHttpClient.java:717)
	at com.amazonaws.http.AmazonHttpClient$RequestExecutor.execute(AmazonHttpClient.java:699)
	at com.amazonaws.http.AmazonHttpClient$RequestExecutor.access$500(AmazonHttpClient.java:667)
	at com.amazonaws.http.AmazonHttpClient$RequestExecutionBuilderImpl.execute(AmazonHttpClient.java:649)
	at com.amazonaws.http.AmazonHttpClient.execute(AmazonHttpClient.java:513)
	at com.amazonaws.services.sqs.AmazonSQSClient.doInvoke(AmazonSQSClient.java:2013)
	at com.amazonaws.services.sqs.AmazonSQSClient.invoke(AmazonSQSClient.java:1989)
	at com.amazonaws.services.sqs.AmazonSQSClient.executeReceiveMessage(AmazonSQSClient.java:1471)
	at com.amazonaws.services.sqs.AmazonSQSClient.receiveMessage(AmazonSQSClient.java:1447)
	at com.amazon.sqs.javamessaging.AmazonSQSMessagingClientWrapper.receiveMessage(AmazonSQSMessagingClientWrapper.java:337)
	at com.amazon.sqs.javamessaging.SQSMessageConsumerPrefetch.getMessages(SQSMessageConsumerPrefetch.java:248)
	at com.amazon.sqs.javamessaging.SQSMessageConsumerPrefetch.run(SQSMessageConsumerPrefetch.java:207)
	at java.util.concurrent.ThreadPoolExecutor.runWorker(ThreadPoolExecutor.java:1142)
	at java.util.concurrent.ThreadPoolExecutor$Worker.run(ThreadPoolExecutor.java:617)
	at java.lang.Thread.run(Thread.java:745)
Caused by: java.net.UnknownHostException: sqs.ap-south-1.amazonaws.com
	at java.net.InetAddress.getAllByName0(InetAddress.java:1280)
	at java.net.InetAddress.getAllByName(InetAddress.java:1192)
	at java.net.InetAddress.getAllByName(InetAddress.java:1126)
	at com.amazonaws.SystemDefaultDnsResolver.resolve(SystemDefaultDnsResolver.java:27)
	at com.amazonaws.http.DelegatingDnsResolver.resolve(DelegatingDnsResolver.java:38)
	at org.apache.http.impl.conn.DefaultHttpClientConnectionOperator.connect(DefaultHttpClientConnectionOperator.java:112)
	at org.apache.http.impl.conn.PoolingHttpClientConnectionManager.connect(PoolingHttpClientConnectionManager.java:359)
	at sun.reflect.GeneratedMethodAccessor54.invoke(Unknown Source)
	at sun.reflect.DelegatingMethodAccessorImpl.invoke(DelegatingMethodAccessorImpl.java:43)
	at java.lang.reflect.Method.invoke(Method.java:497)
	at com.amazonaws.http.conn.ClientConnectionManagerFactory$Handler.invoke(ClientConnectionManagerFactory.java:76)
	at com.amazonaws.http.conn.$Proxy104.connect(Unknown Source)
	at org.apache.http.impl.execchain.MainClientExec.establishRoute(MainClientExec.java:381)
	at org.apache.http.impl.execchain.MainClientExec.execute(MainClientExec.java:237)
	at org.apache.http.impl.execchain.ProtocolExec.execute(ProtocolExec.java:185)
	at org.apache.http.impl.client.InternalHttpClient.doExecute(InternalHttpClient.java:185)
	at org.apache.http.impl.client.CloseableHttpClient.execute(CloseableHttpClient.java:83)
	at org.apache.http.impl.client.CloseableHttpClient.execute(CloseableHttpClient.java:56)
	at com.amazonaws.http.apache.client.impl.SdkHttpClient.execute(SdkHttpClient.java:72)
	at com.amazonaws.http.AmazonHttpClient$RequestExecutor.executeOneRequest(AmazonHttpClient.java:1236)
	at com.amazonaws.http.AmazonHttpClient$RequestExecutor.executeHelper(AmazonHttpClient.java:1056)
	... 16 more
2017-11-20 08:13:45.286  WARN Manishs-MacBook-Pro.local --- [refetchThread-3] c.a.s.j.SQSMessageConsumerPrefetch       : Encountered exception during receive in ConsumerPrefetch thread
javax.jms.JMSException: AmazonClientException: receiveMessage.
	at com.amazon.sqs.javamessaging.AmazonSQSMessagingClientWrapper.handleException(AmazonSQSMessagingClientWrapper.java:422)
	at com.amazon.sqs.javamessaging.AmazonSQSMessagingClientWrapper.receiveMessage(AmazonSQSMessagingClientWrapper.java:339)
	at com.amazon.sqs.javamessaging.SQSMessageConsumerPrefetch.getMessages(SQSMessageConsumerPrefetch.java:248)
	at com.amazon.sqs.javamessaging.SQSMessageConsumerPrefetch.run(SQSMessageConsumerPrefetch.java:207)
	at java.util.concurrent.ThreadPoolExecutor.runWorker(ThreadPoolExecutor.java:1142)
	at java.util.concurrent.ThreadPoolExecutor$Worker.run(ThreadPoolExecutor.java:617)
	at java.lang.Thread.run(Thread.java:745)
Caused by: com.amazonaws.SdkClientException: Unable to execute HTTP request: sqs.ap-south-1.amazonaws.com
	at com.amazonaws.http.AmazonHttpClient$RequestExecutor.handleRetryableException(AmazonHttpClient.java:1114)
	at com.amazonaws.http.AmazonHttpClient$RequestExecutor.executeHelper(AmazonHttpClient.java:1064)
	at com.amazonaws.http.AmazonHttpClient$RequestExecutor.doExecute(AmazonHttpClient.java:743)
	at com.amazonaws.http.AmazonHttpClient$RequestExecutor.executeWithTimer(AmazonHttpClient.java:717)
	at com.amazonaws.http.AmazonHttpClient$RequestExecutor.execute(AmazonHttpClient.java:699)
	at com.amazonaws.http.AmazonHttpClient$RequestExecutor.access$500(AmazonHttpClient.java:667)
	at com.amazonaws.http.AmazonHttpClient$RequestExecutionBuilderImpl.execute(AmazonHttpClient.java:649)
	at com.amazonaws.http.AmazonHttpClient.execute(AmazonHttpClient.java:513)
	at com.amazonaws.services.sqs.AmazonSQSClient.doInvoke(AmazonSQSClient.java:2013)
	at com.amazonaws.services.sqs.AmazonSQSClient.invoke(AmazonSQSClient.java:1989)
	at com.amazonaws.services.sqs.AmazonSQSClient.executeReceiveMessage(AmazonSQSClient.java:1471)
	at com.amazonaws.services.sqs.AmazonSQSClient.receiveMessage(AmazonSQSClient.java:1447)
	at com.amazon.sqs.javamessaging.AmazonSQSMessagingClientWrapper.receiveMessage(AmazonSQSMessagingClientWrapper.java:337)
	... 5 more
Caused by: java.net.UnknownHostException: sqs.ap-south-1.amazonaws.com
	at java.net.InetAddress.getAllByName0(InetAddress.java:1280)
	at java.net.InetAddress.getAllByName(InetAddress.java:1192)
	at java.net.InetAddress.getAllByName(InetAddress.java:1126)
	at com.amazonaws.SystemDefaultDnsResolver.resolve(SystemDefaultDnsResolver.java:27)
	at com.amazonaws.http.DelegatingDnsResolver.resolve(DelegatingDnsResolver.java:38)
	at org.apache.http.impl.conn.DefaultHttpClientConnectionOperator.connect(DefaultHttpClientConnectionOperator.java:112)
	at org.apache.http.impl.conn.PoolingHttpClientConnectionManager.connect(PoolingHttpClientConnectionManager.java:359)
	at sun.reflect.GeneratedMethodAccessor54.invoke(Unknown Source)
	at sun.reflect.DelegatingMethodAccessorImpl.invoke(DelegatingMethodAccessorImpl.java:43)
	at java.lang.reflect.Method.invoke(Method.java:497)
	at com.amazonaws.http.conn.ClientConnectionManagerFactory$Handler.invoke(ClientConnectionManagerFactory.java:76)
	at com.amazonaws.http.conn.$Proxy104.connect(Unknown Source)
	at org.apache.http.impl.execchain.MainClientExec.establishRoute(MainClientExec.java:381)
	at org.apache.http.impl.execchain.MainClientExec.execute(MainClientExec.java:237)
	at org.apache.http.impl.execchain.ProtocolExec.execute(ProtocolExec.java:185)
	at org.apache.http.impl.client.InternalHttpClient.doExecute(InternalHttpClient.java:185)
	at org.apache.http.impl.client.CloseableHttpClient.execute(CloseableHttpClient.java:83)
	at org.apache.http.impl.client.CloseableHttpClient.execute(CloseableHttpClient.java:56)
	at com.amazonaws.http.apache.client.impl.SdkHttpClient.execute(SdkHttpClient.java:72)
	at com.amazonaws.http.AmazonHttpClient$RequestExecutor.executeOneRequest(AmazonHttpClient.java:1236)
	at com.amazonaws.http.AmazonHttpClient$RequestExecutor.executeHelper(AmazonHttpClient.java:1056)
	... 16 more
2017-11-20 08:13:47.576 ERROR Manishs-MacBook-Pro.local --- [refetchThread-3] c.a.s.j.AmazonSQSMessagingClientWrapper  : AmazonClientException: receiveMessage.
com.amazonaws.SdkClientException: Unable to execute HTTP request: sqs.ap-south-1.amazonaws.com
	at com.amazonaws.http.AmazonHttpClient$RequestExecutor.handleRetryableException(AmazonHttpClient.java:1114)
	at com.amazonaws.http.AmazonHttpClient$RequestExecutor.executeHelper(AmazonHttpClient.java:1064)
	at com.amazonaws.http.AmazonHttpClient$RequestExecutor.doExecute(AmazonHttpClient.java:743)
	at com.amazonaws.http.AmazonHttpClient$RequestExecutor.executeWithTimer(AmazonHttpClient.java:717)
	at com.amazonaws.http.AmazonHttpClient$RequestExecutor.execute(AmazonHttpClient.java:699)
	at com.amazonaws.http.AmazonHttpClient$RequestExecutor.access$500(AmazonHttpClient.java:667)
	at com.amazonaws.http.AmazonHttpClient$RequestExecutionBuilderImpl.execute(AmazonHttpClient.java:649)
	at com.amazonaws.http.AmazonHttpClient.execute(AmazonHttpClient.java:513)
	at com.amazonaws.services.sqs.AmazonSQSClient.doInvoke(AmazonSQSClient.java:2013)
	at com.amazonaws.services.sqs.AmazonSQSClient.invoke(AmazonSQSClient.java:1989)
	at com.amazonaws.services.sqs.AmazonSQSClient.executeReceiveMessage(AmazonSQSClient.java:1471)
	at com.amazonaws.services.sqs.AmazonSQSClient.receiveMessage(AmazonSQSClient.java:1447)
	at com.amazon.sqs.javamessaging.AmazonSQSMessagingClientWrapper.receiveMessage(AmazonSQSMessagingClientWrapper.java:337)
	at com.amazon.sqs.javamessaging.SQSMessageConsumerPrefetch.getMessages(SQSMessageConsumerPrefetch.java:248)
	at com.amazon.sqs.javamessaging.SQSMessageConsumerPrefetch.run(SQSMessageConsumerPrefetch.java:207)
	at java.util.concurrent.ThreadPoolExecutor.runWorker(ThreadPoolExecutor.java:1142)
	at java.util.concurrent.ThreadPoolExecutor$Worker.run(ThreadPoolExecutor.java:617)
	at java.lang.Thread.run(Thread.java:745)
Caused by: java.net.UnknownHostException: sqs.ap-south-1.amazonaws.com
	at java.net.InetAddress.getAllByName0(InetAddress.java:1280)
	at java.net.InetAddress.getAllByName(InetAddress.java:1192)
	at java.net.InetAddress.getAllByName(InetAddress.java:1126)
	at com.amazonaws.SystemDefaultDnsResolver.resolve(SystemDefaultDnsResolver.java:27)
	at com.amazonaws.http.DelegatingDnsResolver.resolve(DelegatingDnsResolver.java:38)
	at org.apache.http.impl.conn.DefaultHttpClientConnectionOperator.connect(DefaultHttpClientConnectionOperator.java:112)
	at org.apache.http.impl.conn.PoolingHttpClientConnectionManager.connect(PoolingHttpClientConnectionManager.java:359)
	at sun.reflect.GeneratedMethodAccessor54.invoke(Unknown Source)
	at sun.reflect.DelegatingMethodAccessorImpl.invoke(DelegatingMethodAccessorImpl.java:43)
	at java.lang.reflect.Method.invoke(Method.java:497)
	at com.amazonaws.http.conn.ClientConnectionManagerFactory$Handler.invoke(ClientConnectionManagerFactory.java:76)
	at com.amazonaws.http.conn.$Proxy104.connect(Unknown Source)
	at org.apache.http.impl.execchain.MainClientExec.establishRoute(MainClientExec.java:381)
	at org.apache.http.impl.execchain.MainClientExec.execute(MainClientExec.java:237)
	at org.apache.http.impl.execchain.ProtocolExec.execute(ProtocolExec.java:185)
	at org.apache.http.impl.client.InternalHttpClient.doExecute(InternalHttpClient.java:185)
	at org.apache.http.impl.client.CloseableHttpClient.execute(CloseableHttpClient.java:83)
	at org.apache.http.impl.client.CloseableHttpClient.execute(CloseableHttpClient.java:56)
	at com.amazonaws.http.apache.client.impl.SdkHttpClient.execute(SdkHttpClient.java:72)
	at com.amazonaws.http.AmazonHttpClient$RequestExecutor.executeOneRequest(AmazonHttpClient.java:1236)
	at com.amazonaws.http.AmazonHttpClient$RequestExecutor.executeHelper(AmazonHttpClient.java:1056)
	... 16 more
2017-11-20 08:13:47.578  WARN Manishs-MacBook-Pro.local --- [refetchThread-3] c.a.s.j.SQSMessageConsumerPrefetch       : Encountered exception during receive in ConsumerPrefetch thread
javax.jms.JMSException: AmazonClientException: receiveMessage.
	at com.amazon.sqs.javamessaging.AmazonSQSMessagingClientWrapper.handleException(AmazonSQSMessagingClientWrapper.java:422)
	at com.amazon.sqs.javamessaging.AmazonSQSMessagingClientWrapper.receiveMessage(AmazonSQSMessagingClientWrapper.java:339)
	at com.amazon.sqs.javamessaging.SQSMessageConsumerPrefetch.getMessages(SQSMessageConsumerPrefetch.java:248)
	at com.amazon.sqs.javamessaging.SQSMessageConsumerPrefetch.run(SQSMessageConsumerPrefetch.java:207)
	at java.util.concurrent.ThreadPoolExecutor.runWorker(ThreadPoolExecutor.java:1142)
	at java.util.concurrent.ThreadPoolExecutor$Worker.run(ThreadPoolExecutor.java:617)
	at java.lang.Thread.run(Thread.java:745)
Caused by: com.amazonaws.SdkClientException: Unable to execute HTTP request: sqs.ap-south-1.amazonaws.com
	at com.amazonaws.http.AmazonHttpClient$RequestExecutor.handleRetryableException(AmazonHttpClient.java:1114)
	at com.amazonaws.http.AmazonHttpClient$RequestExecutor.executeHelper(AmazonHttpClient.java:1064)
	at com.amazonaws.http.AmazonHttpClient$RequestExecutor.doExecute(AmazonHttpClient.java:743)
	at com.amazonaws.http.AmazonHttpClient$RequestExecutor.executeWithTimer(AmazonHttpClient.java:717)
	at com.amazonaws.http.AmazonHttpClient$RequestExecutor.execute(AmazonHttpClient.java:699)
	at com.amazonaws.http.AmazonHttpClient$RequestExecutor.access$500(AmazonHttpClient.java:667)
	at com.amazonaws.http.AmazonHttpClient$RequestExecutionBuilderImpl.execute(AmazonHttpClient.java:649)
	at com.amazonaws.http.AmazonHttpClient.execute(AmazonHttpClient.java:513)
	at com.amazonaws.services.sqs.AmazonSQSClient.doInvoke(AmazonSQSClient.java:2013)
	at com.amazonaws.services.sqs.AmazonSQSClient.invoke(AmazonSQSClient.java:1989)
	at com.amazonaws.services.sqs.AmazonSQSClient.executeReceiveMessage(AmazonSQSClient.java:1471)
	at com.amazonaws.services.sqs.AmazonSQSClient.receiveMessage(AmazonSQSClient.java:1447)
	at com.amazon.sqs.javamessaging.AmazonSQSMessagingClientWrapper.receiveMessage(AmazonSQSMessagingClientWrapper.java:337)
	... 5 more
Caused by: java.net.UnknownHostException: sqs.ap-south-1.amazonaws.com
	at java.net.InetAddress.getAllByName0(InetAddress.java:1280)
	at java.net.InetAddress.getAllByName(InetAddress.java:1192)
	at java.net.InetAddress.getAllByName(InetAddress.java:1126)
	at com.amazonaws.SystemDefaultDnsResolver.resolve(SystemDefaultDnsResolver.java:27)
	at com.amazonaws.http.DelegatingDnsResolver.resolve(DelegatingDnsResolver.java:38)
	at org.apache.http.impl.conn.DefaultHttpClientConnectionOperator.connect(DefaultHttpClientConnectionOperator.java:112)
	at org.apache.http.impl.conn.PoolingHttpClientConnectionManager.connect(PoolingHttpClientConnectionManager.java:359)
	at sun.reflect.GeneratedMethodAccessor54.invoke(Unknown Source)
	at sun.reflect.DelegatingMethodAccessorImpl.invoke(DelegatingMethodAccessorImpl.java:43)
	at java.lang.reflect.Method.invoke(Method.java:497)
	at com.amazonaws.http.conn.ClientConnectionManagerFactory$Handler.invoke(ClientConnectionManagerFactory.java:76)
	at com.amazonaws.http.conn.$Proxy104.connect(Unknown Source)
	at org.apache.http.impl.execchain.MainClientExec.establishRoute(MainClientExec.java:381)
	at org.apache.http.impl.execchain.MainClientExec.execute(MainClientExec.java:237)
	at org.apache.http.impl.execchain.ProtocolExec.execute(ProtocolExec.java:185)
	at org.apache.http.impl.client.InternalHttpClient.doExecute(InternalHttpClient.java:185)
	at org.apache.http.impl.client.CloseableHttpClient.execute(CloseableHttpClient.java:83)
	at org.apache.http.impl.client.CloseableHttpClient.execute(CloseableHttpClient.java:56)
	at com.amazonaws.http.apache.client.impl.SdkHttpClient.execute(SdkHttpClient.java:72)
	at com.amazonaws.http.AmazonHttpClient$RequestExecutor.executeOneRequest(AmazonHttpClient.java:1236)
	at com.amazonaws.http.AmazonHttpClient$RequestExecutor.executeHelper(AmazonHttpClient.java:1056)
	... 16 more
